New log file opened at Tue Jun 14 16:39:44 BRT 2016 by 13647@sisqualis-pc
== resolving dependencies org.scala-lang.modules#scala-parser-combinators_2.11;1.0.4->org.scala-lang#scala-library;2.11.7 [compile->compile(*)]
== resolving dependencies org.scala-lang#scala-compiler;2.11.7->org.scala-lang#scala-library;2.11.7 [runtime->runtime(*)]
== resolving dependencies org.scala-lang#scala-compiler;2.11.7->org.scala-lang#scala-library;2.11.7 [runtime->compile]
== resolving dependencies org.scala-lang#scala-compiler;2.11.7->org.scala-lang#scala-reflect;2.11.7 [runtime->runtime(*)]
== resolving dependencies org.scala-lang#scala-compiler;2.11.7->org.scala-lang#scala-reflect;2.11.7 [runtime->compile]
== resolving dependencies org.scala-lang#scala-reflect;2.11.7->org.scala-lang#scala-library;2.11.7 [runtime->runtime(*)]
== resolving dependencies org.scala-lang#scala-reflect;2.11.7->org.scala-lang#scala-library;2.11.7 [runtime->compile]
== resolving dependencies org.scala-lang#scala-compiler;2.11.7->org.scala-lang.modules#scala-xml_2.11;1.0.4 [runtime->runtime(*)]
== resolving dependencies org.scala-lang#scala-compiler;2.11.7->org.scala-lang.modules#scala-xml_2.11;1.0.4 [runtime->compile]
== resolving dependencies org.scala-lang#scala-compiler;2.11.7->org.scala-lang.modules#scala-parser-combinators_2.11;1.0.4 [runtime->runtime(*)]
== resolving dependencies org.scala-lang#scala-compiler;2.11.7->org.scala-lang.modules#scala-parser-combinators_2.11;1.0.4 [runtime->compile]
== resolving dependencies org.scala-lang.modules#scala-parser-combinators_2.11;1.0.4->org.scala-lang#scala-library;2.11.6 [runtime->runtime(*)]
== resolving dependencies org.scala-lang.modules#scala-parser-combinators_2.11;1.0.4->org.scala-lang#scala-library;2.11.7 [runtime->runtime(*)]
== resolving dependencies org.scala-lang.modules#scala-parser-combinators_2.11;1.0.4->org.scala-lang#scala-library;2.11.7 [runtime->compile]
== resolving dependencies play-java#play-java_2.11;1.0-SNAPSHOT->org.scala-lang#scala-compiler;2.11.7 [scala-tool->master]
== resolving dependencies play-java#play-java_2.11;1.0-SNAPSHOT->org.scala-lang#scala-compiler;2.11.7 [scala-tool->optional(default)]
== resolving dependencies org.scala-lang#scala-compiler;2.11.7->jline#jline;2.12.1 [optional->master(compile)]
Read from stdout: Resolving jline#jline;2.12.1 ...
Resolving jline#jline;2.12.1 ...
sbt-chain: Checking cache for: dependency: jline#jline;2.12.1 {optional=[compile(*), master(compile)]}
sbt-chain: module revision found in cache: jline#jline;2.12.1
	found jline#jline;2.12.1 in sbt-chain
== resolving dependencies org.scala-lang#scala-compiler;2.11.7->jline#jline;2.12.1 [optional->compile(*)]
== resolving dependencies play-java#play-java_2.11;1.0-SNAPSHOT->org.scala-lang#scala-library;2.11.7 [scala-tool->default]
== resolving dependencies play-java#play-java_2.11;1.0-SNAPSHOT->org.scala-lang#scala-library;2.11.7 [scala-tool->runtime]
== resolving dependencies play-java#play-java_2.11;1.0-SNAPSHOT->org.scala-lang#scala-library;2.11.7 [scala-tool->compile]
== resolving dependencies play-java#play-java_2.11;1.0-SNAPSHOT->org.scala-lang#scala-library;2.11.7 [scala-tool->master]
== resolving dependencies play-java#play-java_2.11;1.0-SNAPSHOT->org.scala-lang#scala-library;2.11.7 [scala-tool->optional(default)]
resolving dependencies for configuration 'fork-run'
== resolving dependencies for play-java#play-java_2.11;1.0-SNAPSHOT [fork-run]
== resolving dependencies play-java#play-java_2.11;1.0-SNAPSHOT->com.typesafe.play#fork-run_2.11;2.5.3 [fork-run->default(compile)]
Read from stdout: Resolving com.typesafe.play#fork-run_2.11;2.5.3 ...
Resolving com.typesafe.play#fork-run_2.11;2.5.3 ...
sbt-chain: Checking cache for: dependency: com.typesafe.play#fork-run_2.11;2.5.3 {fork-run=[default(compile)]}
sbt-chain: module revision found in cache: com.typesafe.play#fork-run_2.11;2.5.3
	found com.typesafe.play#fork-run_2.11;2.5.3 in sbt-chain
== resolving dependencies play-java#play-java_2.11;1.0-SNAPSHOT->com.typesafe.play#fork-run_2.11;2.5.3 [fork-run->runtime]
== resolving dependencies play-java#play-java_2.11;1.0-SNAPSHOT->com.typesafe.play#fork-run_2.11;2.5.3 [fork-run->compile]
== resolving dependencies com.typesafe.play#fork-run_2.11;2.5.3->org.scala-lang#scala-library;2.11.7 [compile->master(compile)]
== resolving dependencies com.typesafe.play#fork-run_2.11;2.5.3->org.scala-lang#scala-library;2.11.7 [compile->compile(*)]
== resolving dependencies com.typesafe.play#fork-run_2.11;2.5.3->com.typesafe.play#fork-run-protocol_2.11;2.5.3 [compile->master(compile)]
Read from stdout: Resolving com.typesafe.play#fork-run-protocol_2.11;2.5.3 ...
Resolving com.typesafe.play#fork-run-protocol_2.11;2.5.3 ...
sbt-chain: Checking cache for: dependency: com.typesafe.play#fork-run-protocol_2.11;2.5.3 {compile=[compile(*), master(compile)], runtime=[runtime(*)]}
sbt-chain: module revision found in cache: com.typesafe.play#fork-run-protocol_2.11;2.5.3
	found com.typesafe.play#fork-run-protocol_2.11;2.5.3 in sbt-chain
== resolving dependencies com.typesafe.play#fork-run_2.11;2.5.3->com.typesafe.play#fork-run-protocol_2.11;2.5.3 [compile->compile(*)]
== resolving dependencies com.typesafe.play#fork-run-protocol_2.11;2.5.3->org.scala-lang#scala-library;2.11.7 [compile->master(compile)]
== resolving dependencies com.typesafe.play#fork-run-protocol_2.11;2.5.3->org.scala-lang#scala-library;2.11.7 [compile->compile(*)]
== resolving dependencies com.typesafe.play#fork-run-protocol_2.11;2.5.3->com.typesafe.play#run-support_2.11;2.5.3 [compile->master(compile)]
Read from stdout: Resolving com.typesafe.play#run-support_2.11;2.5.3 ...
Resolving com.typesafe.play#run-support_2.11;2.5.3 ...
sbt-chain: Checking cache for: dependency: com.typesafe.play#run-support_2.11;2.5.3 {compile=[compile(*), master(compile)], runtime=[runtime(*)]}
sbt-chain: module revision found in cache: com.typesafe.play#run-support_2.11;2.5.3
	found com.typesafe.play#run-support_2.11;2.5.3 in sbt-chain
== resolving dependencies com.typesafe.play#fork-run-protocol_2.11;2.5.3->com.typesafe.play#run-support_2.11;2.5.3 [compile->compile(*)]
== resolving dependencies com.typesafe.play#run-support_2.11;2.5.3->org.scala-lang#scala-library;2.11.7 [compile->master(compile)]
== resolving dependencies com.typesafe.play#run-support_2.11;2.5.3->org.scala-lang#scala-library;2.11.7 [compile->compile(*)]
== resolving dependencies com.typesafe.play#run-support_2.11;2.5.3->com.typesafe.play#build-link;2.5.3 [compile->master(compile)]
== resolving dependencies com.typesafe.play#run-support_2.11;2.5.3->com.typesafe.play#build-link;2.5.3 [compile->compile(*)]
== resolving dependencies com.typesafe.play#build-link;2.5.3->com.typesafe.play#play-exceptions;2.5.3 [compile->master(compile)]
== resolving dependencies com.typesafe.play#build-link;2.5.3->com.typesafe.play#play-exceptions;2.5.3 [compile->compile(*)]
== resolving dependencies com.typesafe.play#fork-run-protocol_2.11;2.5.3->com.typesafe.sbtrc#client-2-11;0.3.1 [compile->master(compile)]
Read from stdout: Resolving com.typesafe.sbtrc#client-2-11;0.3.1 ...
Resolving com.typesafe.sbtrc#client-2-11;0.3.1 ...
sbt-chain: Checking cache for: dependency: com.typesafe.sbtrc#client-2-11;0.3.1 {compile=[compile(*), master(compile)], runtime=[runtime(*)]}
sbt-chain: module revision found in cache: com.typesafe.sbtrc#client-2-11;0.3.1
	found com.typesafe.sbtrc#client-2-11;0.3.1 in sbt-chain
== resolving dependencies com.typesafe.sbtrc#client-2-11;0.3.1->org.scala-lang#scala-library;2.11.5 [compile->default(compile)]
== resolving dependencies com.typesafe.sbtrc#client-2-11;0.3.1->org.scala-lang#scala-library;2.11.7 [compile->default(compile)]
== resolving dependencies com.typesafe.sbtrc#client-2-11;0.3.1->org.scala-lang#scala-library;2.11.7 [compile->runtime]
== resolving dependencies com.typesafe.sbtrc#client-2-11;0.3.1->org.scala-lang#scala-library;2.11.7 [compile->compile]
== resolving dependencies com.typesafe.sbtrc#client-2-11;0.3.1->org.scala-lang#scala-library;2.11.7 [compile->master]
== resolving dependencies com.typesafe.sbtrc#client-2-11;0.3.1->org.scala-lang#scala-reflect;2.11.5 [compile->default(compile)]
Read from stdout: Resolving org.scala-lang#scala-reflect;2.11.5 ...
Resolving org.scala-lang#scala-reflect;2.11.5 ...
sbt-chain: Checking cache for: dependency: org.scala-lang#scala-reflect;2.11.5 {compile=[default(compile)]}
sbt-chain: module revision found in cache: org.scala-lang#scala-reflect;2.11.5
	found org.scala-lang#scala-reflect;2.11.5 in sbt-chain
	[2.11.5] org.scala-lang#scala-reflect;2.11.5
== resolving dependencies com.typesafe.sbtrc#client-2-11;0.3.1->org.scala-lang#scala-reflect;2.11.5 [compile->runtime]
== resolving dependencies com.typesafe.sbtrc#client-2-11;0.3.1->org.scala-lang#scala-reflect;2.11.5 [compile->compile]
== resolving dependencies org.scala-lang#scala-reflect;2.11.5->org.scala-lang#scala-library;2.11.5 [compile->master(*)]
== resolving dependencies org.scala-lang#scala-reflect;2.11.5->org.scala-lang#scala-library;2.11.7 [compile->master(*)]
== resolving dependencies org.scala-lang#scala-reflect;2.11.5->org.scala-lang#scala-library;2.11.5 [compile->compile(*)]
== resolving dependencies org.scala-lang#scala-reflect;2.11.5->org.scala-lang#scala-library;2.11.7 [compile->compile(*)]
== resolving dependencies org.scala-lang#scala-reflect;2.11.5->org.scala-lang#scala-library;2.11.5 [runtime->runtime(*)]
== resolving dependencies org.scala-lang#scala-reflect;2.11.5->org.scala-lang#scala-library;2.11.7 [runtime->runtime(*)]
== resolving dependencies org.scala-lang#scala-reflect;2.11.5->org.scala-lang#scala-library;2.11.7 [runtime->compile]
== resolving dependencies com.typesafe.sbtrc#client-2-11;0.3.1->org.scala-lang#scala-reflect;2.11.5 [compile->master]
== resolving dependencies com.typesafe.sbtrc#client-2-11;0.3.1->org.scala-sbt#serialization_2.11;0.1.0 [compile->default(compile)]
Read from stdout: Resolving org.scala-sbt#serialization_2.11;0.1.0 ...
Resolving org.scala-sbt#serialization_2.11;0.1.0 ...
sbt-chain: Checking cache for: dependency: org.scala-sbt#serialization_2.11;0.1.0 {compile=[default(compile)]}
sbt-chain: module revision found in cache: org.scala-sbt#serialization_2.11;0.1.0
	found org.scala-sbt#serialization_2.11;0.1.0 in sbt-chain
== resolving dependencies org.scala-sbt#serialization_2.11;0.1.0->org.scala-lang#scala-library;2.11.5 [compile->default(compile)]
== resolving dependencies org.scala-sbt#serialization_2.11;0.1.0->org.scala-lang#scala-library;2.11.7 [compile->default(compile)]
== resolving dependencies org.scala-sbt#serialization_2.11;0.1.0->org.scala-lang#scala-library;2.11.7 [compile->runtime]
== resolving dependencies org.scala-sbt#serialization_2.11;0.1.0->org.scala-lang#scala-library;2.11.7 [compile->compile]
== resolving dependencies org.scala-sbt#serialization_2.11;0.1.0->org.scala-lang#scala-library;2.11.7 [compile->master]
== resolving dependencies org.scala-sbt#serialization_2.11;0.1.0->org.scala-lang.modules#scala-pickling_2.11;0.10.0 [compile->default(compile)]
Read from stdout: Resolving org.scala-lang.modules#scala-pickling_2.11;0.10.0 ...
Resolving org.scala-lang.modules#scala-pickling_2.11;0.10.0 ...
sbt-chain: Checking cache for: dependency: org.scala-lang.modules#scala-pickling_2.11;0.10.0 {compile=[default(compile)]}
sbt-chain: module revision found in cache: org.scala-lang.modules#scala-pickling_2.11;0.10.0
	found org.scala-lang.modules#scala-pickling_2.11;0.10.0 in sbt-chain
== resolving dependencies org.scala-sbt#serialization_2.11;0.1.0->org.scala-lang.modules#scala-pickling_2.11;0.10.0 [compile->runtime]
== resolving dependencies org.scala-sbt#serialization_2.11;0.1.0->org.scala-lang.modules#scala-pickling_2.11;0.10.0 [compile->compile]
== resolving dependencies org.scala-lang.modules#scala-pickling_2.11;0.10.0->org.scala-lang#scala-compiler;2.11.4 [compile->master(compile)]
Read from stdout: Resolving org.scala-lang#scala-compiler;2.11.4 ...
Resolving org.scala-lang#scala-compiler;2.11.4 ...
sbt-chain: Checking cache for: dependency: org.scala-lang#scala-compiler;2.11.4 {compile=[compile(*), master(compile)], runtime=[runtime(*)]}
sbt-chain: module revision found in cache: org.scala-lang#scala-compiler;2.11.4
	found org.scala-lang#scala-compiler;2.11.4 in sbt-chain
== resolving dependencies org.scala-lang.modules#scala-pickling_2.11;0.10.0->org.scala-lang#scala-compiler;2.11.4 [compile->compile(*)]
== resolving dependencies org.scala-lang#scala-compiler;2.11.4->org.scala-lang#scala-library;2.11.4 [compile->master(compile)]
== resolving dependencies org.scala-lang#scala-compiler;2.11.4->org.scala-lang#scala-library;2.11.7 [compile->master(compile)]
== resolving dependencies org.scala-lang#scala-compiler;2.11.4->org.scala-lang#scala-library;2.11.4 [compile->compile(*)]
== resolving dependencies org.scala-lang#scala-compiler;2.11.4->org.scala-lang#scala-library;2.11.7 [compile->compile(*)]
== resolving dependencies org.scala-lang#scala-compiler;2.11.4->org.scala-lang#scala-reflect;2.11.4 [compile->master(compile)]
== resolving dependencies org.scala-lang#scala-compiler;2.11.4->org.scala-lang#scala-reflect;2.11.5 [compile->master(compile)]
== resolving dependencies org.scala-lang#scala-compiler;2.11.4->org.scala-lang#scala-reflect;2.11.4 [compile->compile(*)]
== resolving dependencies org.scala-lang#scala-compiler;2.11.4->org.scala-lang#scala-reflect;2.11.5 [compile->compile(*)]
== resolving dependencies org.scala-lang#scala-compiler;2.11.4->org.scala-lang.modules#scala-xml_2.11;1.0.2 [compile->master(compile)]
Read from stdout: Resolving org.scala-lang.modules#scala-xml_2.11;1.0.2 ...
Resolving org.scala-lang.modules#scala-xml_2.11;1.0.2 ...
sbt-chain: Checking cache for: dependency: org.scala-lang.modules#scala-xml_2.11;1.0.2 {compile=[compile(*), master(compile)], runtime=[runtime(*)]}
sbt-chain: module revision found in cache: org.scala-lang.modules#scala-xml_2.11;1.0.2
	found org.scala-lang.modules#scala-xml_2.11;1.0.2 in sbt-chain
== resolving dependencies org.scala-lang#scala-compiler;2.11.4->org.scala-lang.modules#scala-xml_2.11;1.0.2 [compile->compile(*)]
== resolving dependencies org.scala-lang.modules#scala-xml_2.11;1.0.2->org.scala-lang#scala-library;2.11.1 [compile->master(compile)]
== resolving dependencies org.scala-lang.modules#scala-xml_2.11;1.0.2->org.scala-lang#scala-library;2.11.1 [compile->compile(*)]
== resolving dependencies org.scala-lang.modules#scala-xml_2.11;1.0.2->org.scala-lang#scala-library;2.11.7 [compile->compile(*)]
== resolving dependencies org.scala-lang#scala-compiler;2.11.4->org.scala-lang.modules#scala-parser-combinators_2.11;1.0.2 [compile->master(compile)]
Read from stdout: Resolving org.scala-lang.modules#scala-parser-combinators_2.11;1.0.2 ...
Resolving org.scala-lang.modules#scala-parser-combinators_2.11;1.0.2 ...
sbt-chain: Checking cache for: dependency: org.scala-lang.modules#scala-parser-combinators_2.11;1.0.2 {compile=[compile(*), master(compile)], runtime=[runtime(*)]}
sbt-chain: module revision found in cache: org.scala-lang.modules#scala-parser-combinators_2.11;1.0.2
	found org.scala-lang.modules#scala-parser-combinators_2.11;1.0.2 in sbt-chain
== resolving dependencies org.scala-lang#scala-compiler;2.11.4->org.scala-lang.modules#scala-parser-combinators_2.11;1.0.2 [compile->compile(*)]
== resolving dependencies org.scala-lang.modules#scala-parser-combinators_2.11;1.0.2->org.scala-lang#scala-library;2.11.1 [compile->master(*)]
== resolving dependencies org.scala-lang.modules#scala-parser-combinators_2.11;1.0.2->org.scala-lang#scala-library;2.11.7 [compile->master(*)]
== resolving dependencies org.scala-lang.modules#scala-parser-combinators_2.11;1.0.2->org.scala-lang#scala-library;2.11.1 [compile->compile(*)]
== resolving dependencies org.scala-lang.modules#scala-parser-combinators_2.11;1.0.2->org.scala-lang#scala-library;2.11.7 [compile->compile(*)]
== resolving dependencies org.scala-lang#scala-compiler;2.11.4->org.scala-lang.modules#scala-parser-combinators_2.11;1.0.2 [compile->runtime(*)]
== resolving dependencies org.scala-lang#scala-compiler;2.11.4->org.scala-lang.modules#scala-parser-combinators_2.11;1.0.2 [compile->compile]
== resolving dependencies org.scala-lang.modules#scala-parser-combinators_2.11;1.0.2->org.scala-lang#scala-library;2.11.1 [runtime->runtime(*)]
== resolving dependencies org.scala-lang.modules#scala-parser-combinators_2.11;1.0.2->org.scala-lang#scala-library;2.11.7 [runtime->runtime(*)]
== resolving dependencies org.scala-lang.modules#scala-parser-combinators_2.11;1.0.2->org.scala-lang#scala-library;2.11.7 [runtime->compile]
== resolving dependencies org.scala-lang.modules#scala-pickling_2.11;0.10.0->org.scala-lang#scala-compiler;2.11.4 [compile->runtime(*)]
== resolving dependencies org.scala-lang.modules#scala-pickling_2.11;0.10.0->org.scala-lang#scala-compiler;2.11.4 [compile->compile]
== resolving dependencies org.scala-lang#scala-compiler;2.11.4->org.scala-lang#scala-library;2.11.4 [runtime->runtime(*)]
== resolving dependencies org.scala-lang#scala-compiler;2.11.4->org.scala-lang#scala-library;2.11.7 [runtime->runtime(*)]
== resolving dependencies org.scala-lang#scala-compiler;2.11.4->org.scala-lang#scala-library;2.11.7 [runtime->compile]
== resolving dependencies org.scala-lang#scala-compiler;2.11.4->org.scala-lang#scala-reflect;2.11.4 [runtime->runtime(*)]
== resolving dependencies org.scala-lang#scala-compiler;2.11.4->org.scala-lang#scala-reflect;2.11.5 [runtime->runtime(*)]
== resolving dependencies org.scala-lang#scala-compiler;2.11.4->org.scala-lang#scala-reflect;2.11.5 [runtime->compile]
== resolving dependencies org.scala-lang#scala-compiler;2.11.4->org.scala-lang.modules#scala-xml_2.11;1.0.2 [runtime->runtime(*)]
== resolving dependencies org.scala-lang#scala-compiler;2.11.4->org.scala-lang.modules#scala-xml_2.11;1.0.2 [runtime->compile]
== resolving dependencies org.scala-lang.modules#scala-xml_2.11;1.0.2->org.scala-lang#scala-library;2.11.1 [runtime->runtime(*)]
== resolving dependencies org.scala-lang.modules#scala-xml_2.11;1.0.2->org.scala-lang#scala-library;2.11.7 [runtime->runtime(*)]
== resolving dependencies org.scala-lang.modules#scala-xml_2.11;1.0.2->org.scala-lang#scala-library;2.11.7 [runtime->compile]
== resolving dependencies org.scala-lang#scala-compiler;2.11.4->org.scala-lang.modules#scala-parser-combinators_2.11;1.0.2 [runtime->runtime(*)]
== resolving dependencies org.scala-lang#scala-compiler;2.11.4->org.scala-lang.modules#scala-parser-combinators_2.11;1.0.2 [runtime->compile]
== resolving dependencies org.scala-lang.modules#scala-pickling_2.11;0.10.0->org.scala-lang#scala-library;2.11.4 [compile->master(compile)]
== resolving dependencies org.scala-lang.modules#scala-pickling_2.11;0.10.0->org.scala-lang#scala-library;2.11.7 [compile->master(compile)]
== resolving dependencies org.scala-lang.modules#scala-pickling_2.11;0.10.0->org.scala-lang#scala-library;2.11.4 [compile->compile(*)]
== resolving dependencies org.scala-lang.modules#scala-pickling_2.11;0.10.0->org.scala-lang#scala-library;2.11.7 [compile->compile(*)]
== resolving dependencies org.scala-lang.modules#scala-pickling_2.11;0.10.0->org.scala-lang#scala-reflect;2.11.4 [compile->master(compile)]
== resolving dependencies org.scala-lang.modules#scala-pickling_2.11;0.10.0->org.scala-lang#scala-reflect;2.11.5 [compile->master(compile)]
== resolving dependencies org.scala-lang.modules#scala-pickling_2.11;0.10.0->org.scala-lang#scala-reflect;2.11.4 [compile->compile(*)]
== resolving dependencies org.scala-lang.modules#scala-pickling_2.11;0.10.0->org.scala-lang#scala-reflect;2.11.5 [compile->compile(*)]
== resolving dependencies org.scala-lang.modules#scala-pickling_2.11;0.10.0->org.scala-lang.modules#scala-parser-combinators_2.11;1.0.2 [compile->master(compile)]
== resolving dependencies org.scala-lang.modules#scala-pickling_2.11;0.10.0->org.scala-lang.modules#scala-parser-combinators_2.11;1.0.2 [compile->compile(*)]
== resolving dependencies org.scala-lang.modules#scala-pickling_2.11;0.10.0->org.scala-lang#scala-compiler;2.11.4 [runtime->runtime(*)]
== resolving dependencies org.scala-lang.modules#scala-pickling_2.11;0.10.0->org.scala-lang#scala-compiler;2.11.4 [runtime->compile]
== resolving dependencies org.scala-lang.modules#scala-pickling_2.11;0.10.0->org.scala-lang#scala-library;2.11.4 [runtime->runtime(*)]
== resolving dependencies org.scala-lang.modules#scala-pickling_2.11;0.10.0->org.scala-lang#scala-library;2.11.7 [runtime->runtime(*)]
== resolving dependencies org.scala-lang.modules#scala-pickling_2.11;0.10.0->org.scala-lang#scala-library;2.11.7 [runtime->compile]
== resolving dependencies org.scala-lang.modules#scala-pickling_2.11;0.10.0->org.scala-lang#scala-reflect;2.11.4 [runtime->runtime(*)]
== resolving dependencies org.scala-lang.modules#scala-pickling_2.11;0.10.0->org.scala-lang#scala-reflect;2.11.5 [runtime->runtime(*)]
== resolving dependencies org.scala-lang.modules#scala-pickling_2.11;0.10.0->org.scala-lang#scala-reflect;2.11.5 [runtime->compile]
== resolving dependencies org.scala-lang.modules#scala-pickling_2.11;0.10.0->org.scala-lang.modules#scala-parser-combinators_2.11;1.0.2 [runtime->runtime(*)]
== resolving dependencies org.scala-lang.modules#scala-pickling_2.11;0.10.0->org.scala-lang.modules#scala-parser-combinators_2.11;1.0.2 [runtime->compile]
== resolving dependencies org.scala-sbt#serialization_2.11;0.1.0->org.scala-lang.modules#scala-pickling_2.11;0.10.0 [compile->master]
== resolving dependencies org.scala-sbt#serialization_2.11;0.1.0->org.json4s#json4s-core_2.11;3.2.10 [compile->default(compile)]
Read from stdout: Resolving org.json4s#json4s-core_2.11;3.2.10 ...
Resolving org.json4s#json4s-core_2.11;3.2.10 ...
sbt-chain: Checking cache for: dependency: org.json4s#json4s-core_2.11;3.2.10 {compile=[default(compile)]}
sbt-chain: module revision found in cache: org.json4s#json4s-core_2.11;3.2.10
	found org.json4s#json4s-core_2.11;3.2.10 in sbt-chain
== resolving dependencies org.scala-sbt#serialization_2.11;0.1.0->org.json4s#json4s-core_2.11;3.2.10 [compile->runtime]
== resolving dependencies org.scala-sbt#serialization_2.11;0.1.0->org.json4s#json4s-core_2.11;3.2.10 [compile->compile]
excluding dependency: org.scala-lang#scalap;2.11.0 {compile=[compile(*), master(*)], runtime=[runtime(*)]} in compile
== resolving dependencies org.json4s#json4s-core_2.11;3.2.10->org.scala-lang#scala-library;2.11.0 [compile->master(*)]
excluding dependency: org.scala-lang#scalap;2.11.0 {compile=[compile(*), master(*)], runtime=[runtime(*)]} in compile
excluding dependency: org.scala-lang#scalap;2.11.0 {compile=[compile(*), master(*)], runtime=[runtime(*)]} in runtime
== resolving dependencies org.json4s#json4s-core_2.11;3.2.10->org.scala-lang#scala-library;2.11.7 [compile->master(*)]
== resolving dependencies org.json4s#json4s-core_2.11;3.2.10->org.scala-lang#scala-library;2.11.0 [compile->compile(*)]
== resolving dependencies org.json4s#json4s-core_2.11;3.2.10->org.scala-lang#scala-library;2.11.7 [compile->compile(*)]
== resolving dependencies org.json4s#json4s-core_2.11;3.2.10->org.json4s#json4s-ast_2.11;3.2.10 [compile->master(*)]
excluding dependency: org.scala-lang#scalap;2.11.0 {compile=[compile(*), master(*)], runtime=[runtime(*)]} in compile
excluding dependency: org.scala-lang#scalap;2.11.0 {compile=[compile(*), master(*)], runtime=[runtime(*)]} in runtime
Read from stdout: Resolving org.json4s#json4s-ast_2.11;3.2.10 ...
Resolving org.json4s#json4s-ast_2.11;3.2.10 ...
sbt-chain: Checking cache for: dependency: org.json4s#json4s-ast_2.11;3.2.10 {compile=[compile(*), master(*)], runtime=[runtime(*)]}
sbt-chain: module revision found in cache: org.json4s#json4s-ast_2.11;3.2.10
	found org.json4s#json4s-ast_2.11;3.2.10 in sbt-chain
== resolving dependencies org.json4s#json4s-core_2.11;3.2.10->org.json4s#json4s-ast_2.11;3.2.10 [compile->compile(*)]
== resolving dependencies org.json4s#json4s-ast_2.11;3.2.10->org.scala-lang#scala-library;2.11.0 [compile->master(*)]
== resolving dependencies org.json4s#json4s-ast_2.11;3.2.10->org.scala-lang#scala-library;2.11.7 [compile->master(*)]
== resolving dependencies org.json4s#json4s-ast_2.11;3.2.10->org.scala-lang#scala-library;2.11.0 [compile->compile(*)]
== resolving dependencies org.json4s#json4s-ast_2.11;3.2.10->org.scala-lang#scala-library;2.11.7 [compile->compile(*)]
== resolving dependencies org.json4s#json4s-core_2.11;3.2.10->org.json4s#json4s-ast_2.11;3.2.10 [compile->runtime(*)]
== resolving dependencies org.json4s#json4s-core_2.11;3.2.10->org.json4s#json4s-ast_2.11;3.2.10 [compile->compile]
== resolving dependencies org.json4s#json4s-ast_2.11;3.2.10->org.scala-lang#scala-library;2.11.0 [runtime->runtime(*)]
== resolving dependencies org.json4s#json4s-ast_2.11;3.2.10->org.scala-lang#scala-library;2.11.7 [runtime->runtime(*)]
== resolving dependencies org.json4s#json4s-ast_2.11;3.2.10->org.scala-lang#scala-library;2.11.7 [runtime->compile]
== resolving dependencies org.json4s#json4s-core_2.11;3.2.10->com.thoughtworks.paranamer#paranamer;2.6 [compile->master(*)]
excluding dependency: org.scala-lang#scalap;2.11.0 {compile=[compile(*), master(*)], runtime=[runtime(*)]} in compile
excluding dependency: org.scala-lang#scalap;2.11.0 {compile=[compile(*), master(*)], runtime=[runtime(*)]} in runtime
Read from stdout: Resolving com.thoughtworks.paranamer#paranamer;2.6 ...
Resolving com.thoughtworks.paranamer#paranamer;2.6 ...
sbt-chain: Checking cache for: dependency: com.thoughtworks.paranamer#paranamer;2.6 {compile=[compile(*), master(*)], runtime=[runtime(*)]}
sbt-chain: module revision found in cache: com.thoughtworks.paranamer#paranamer;2.6
	found com.thoughtworks.paranamer#paranamer;2.6 in sbt-chain
== resolving dependencies org.json4s#json4s-core_2.11;3.2.10->com.thoughtworks.paranamer#paranamer;2.6 [compile->compile(*)]
== resolving dependencies org.json4s#json4s-core_2.11;3.2.10->com.thoughtworks.paranamer#paranamer;2.6 [compile->runtime(*)]
== resolving dependencies org.json4s#json4s-core_2.11;3.2.10->com.thoughtworks.paranamer#paranamer;2.6 [compile->compile]
excluding dependency: org.scala-lang#scalap;2.11.0 {compile=[compile(*), master(*)], runtime=[runtime(*)]} in runtime
== resolving dependencies org.json4s#json4s-core_2.11;3.2.10->org.scala-lang#scala-library;2.11.0 [runtime->runtime(*)]
== resolving dependencies org.json4s#json4s-core_2.11;3.2.10->org.scala-lang#scala-library;2.11.7 [runtime->runtime(*)]
== resolving dependencies org.json4s#json4s-core_2.11;3.2.10->org.scala-lang#scala-library;2.11.7 [runtime->compile]
== resolving dependencies org.json4s#json4s-core_2.11;3.2.10->org.json4s#json4s-ast_2.11;3.2.10 [runtime->runtime(*)]
== resolving dependencies org.json4s#json4s-core_2.11;3.2.10->org.json4s#json4s-ast_2.11;3.2.10 [runtime->compile]
== resolving dependencies org.json4s#json4s-core_2.11;3.2.10->com.thoughtworks.paranamer#paranamer;2.6 [runtime->runtime(*)]
== resolving dependencies org.json4s#json4s-core_2.11;3.2.10->com.thoughtworks.paranamer#paranamer;2.6 [runtime->compile]
== resolving dependencies org.scala-sbt#serialization_2.11;0.1.0->org.json4s#json4s-core_2.11;3.2.10 [compile->master]
== resolving dependencies org.scala-sbt#serialization_2.11;0.1.0->org.spire-math#jawn-parser_2.11;0.6.0 [compile->default(compile)]
Read from stdout: Resolving org.spire-math#jawn-parser_2.11;0.6.0 ...
Resolving org.spire-math#jawn-parser_2.11;0.6.0 ...
sbt-chain: Checking cache for: dependency: org.spire-math#jawn-parser_2.11;0.6.0 {compile=[default(compile)]}
sbt-chain: module revision found in cache: org.spire-math#jawn-parser_2.11;0.6.0
	found org.spire-math#jawn-parser_2.11;0.6.0 in sbt-chain
== resolving dependencies org.scala-sbt#serialization_2.11;0.1.0->org.spire-math#jawn-parser_2.11;0.6.0 [compile->runtime]
== resolving dependencies org.scala-sbt#serialization_2.11;0.1.0->org.spire-math#jawn-parser_2.11;0.6.0 [compile->compile]
== resolving dependencies org.spire-math#jawn-parser_2.11;0.6.0->org.scala-lang#scala-library;2.11.2 [compile->master(*)]
== resolving dependencies org.spire-math#jawn-parser_2.11;0.6.0->org.scala-lang#scala-library;2.11.7 [compile->master(*)]
== resolving dependencies org.spire-math#jawn-parser_2.11;0.6.0->org.scala-lang#scala-library;2.11.2 [compile->compile(*)]
== resolving dependencies org.spire-math#jawn-parser_2.11;0.6.0->org.scala-lang#scala-library;2.11.7 [compile->compile(*)]
== resolving dependencies org.spire-math#jawn-parser_2.11;0.6.0->org.scala-lang#scala-library;2.11.2 [runtime->runtime(*)]
== resolving dependencies org.spire-math#jawn-parser_2.11;0.6.0->org.scala-lang#scala-library;2.11.7 [runtime->runtime(*)]
== resolving dependencies org.spire-math#jawn-parser_2.11;0.6.0->org.scala-lang#scala-library;2.11.7 [runtime->compile]
== resolving dependencies org.scala-sbt#serialization_2.11;0.1.0->org.spire-math#jawn-parser_2.11;0.6.0 [compile->master]
== resolving dependencies org.scala-sbt#serialization_2.11;0.1.0->org.spire-math#json4s-support_2.11;0.6.0 [compile->default(compile)]
Read from stdout: Resolving org.spire-math#json4s-support_2.11;0.6.0 ...
Resolving org.spire-math#json4s-support_2.11;0.6.0 ...
sbt-chain: Checking cache for: dependency: org.spire-math#json4s-support_2.11;0.6.0 {compile=[default(compile)]}
sbt-chain: module revision found in cache: org.spire-math#json4s-support_2.11;0.6.0
	found org.spire-math#json4s-support_2.11;0.6.0 in sbt-chain
== resolving dependencies org.scala-sbt#serialization_2.11;0.1.0->org.spire-math#json4s-support_2.11;0.6.0 [compile->runtime]
== resolving dependencies org.scala-sbt#serialization_2.11;0.1.0->org.spire-math#json4s-support_2.11;0.6.0 [compile->compile]
== resolving dependencies org.spire-math#json4s-support_2.11;0.6.0->org.scala-lang#scala-library;2.11.2 [compile->master(*)]
== resolving dependencies org.spire-math#json4s-support_2.11;0.6.0->org.scala-lang#scala-library;2.11.7 [compile->master(*)]
== resolving dependencies org.spire-math#json4s-support_2.11;0.6.0->org.scala-lang#scala-library;2.11.2 [compile->compile(*)]
== resolving dependencies org.spire-math#json4s-support_2.11;0.6.0->org.scala-lang#scala-library;2.11.7 [compile->compile(*)]
== resolving dependencies org.spire-math#json4s-support_2.11;0.6.0->org.spire-math#jawn-parser_2.11;0.6.0 [compile->master(*)]
== resolving dependencies org.spire-math#json4s-support_2.11;0.6.0->org.spire-math#jawn-parser_2.11;0.6.0 [compile->compile(*)]
== resolving dependencies org.spire-math#json4s-support_2.11;0.6.0->org.spire-math#jawn-parser_2.11;0.6.0 [compile->runtime(*)]
== resolving dependencies org.spire-math#json4s-support_2.11;0.6.0->org.spire-math#jawn-parser_2.11;0.6.0 [compile->compile]
== resolving dependencies org.spire-math#json4s-support_2.11;0.6.0->org.json4s#json4s-ast_2.11;3.2.10 [compile->master(*)]
== resolving dependencies org.spire-math#json4s-support_2.11;0.6.0->org.json4s#json4s-ast_2.11;3.2.10 [compile->compile(*)]
== resolving dependencies org.spire-math#json4s-support_2.11;0.6.0->org.scala-lang#scala-library;2.11.2 [runtime->runtime(*)]
== resolving dependencies org.spire-math#json4s-support_2.11;0.6.0->org.scala-lang#scala-library;2.11.7 [runtime->runtime(*)]
== resolving dependencies org.spire-math#json4s-support_2.11;0.6.0->org.scala-lang#scala-library;2.11.7 [runtime->compile]
== resolving dependencies org.spire-math#json4s-support_2.11;0.6.0->org.spire-math#jawn-parser_2.11;0.6.0 [runtime->runtime(*)]
== resolving dependencies org.spire-math#json4s-support_2.11;0.6.0->org.spire-math#jawn-parser_2.11;0.6.0 [runtime->compile]
== resolving dependencies org.spire-math#json4s-support_2.11;0.6.0->org.json4s#json4s-ast_2.11;3.2.10 [runtime->runtime(*)]
== resolving dependencies org.spire-math#json4s-support_2.11;0.6.0->org.json4s#json4s-ast_2.11;3.2.10 [runtime->compile]
== resolving dependencies org.scala-sbt#serialization_2.11;0.1.0->org.spire-math#json4s-support_2.11;0.6.0 [compile->master]
== resolving dependencies com.typesafe.sbtrc#client-2-11;0.3.1->org.scala-sbt#launcher-interface;0.13.8-M3 [compile->default(compile)]
Read from stdout: Resolving org.scala-sbt#launcher-interface;0.13.8-M3 ...
Resolving org.scala-sbt#launcher-interface;0.13.8-M3 ...
sbt-chain: Checking cache for: dependency: org.scala-sbt#launcher-interface;0.13.8-M3 {compile=[default(compile)]}
sbt-chain: module revision found in cache: org.scala-sbt#launcher-interface;0.13.8-M3
	found org.scala-sbt#launcher-interface;0.13.8-M3 in sbt-chain
== resolving dependencies org.scala-sbt#launcher-interface;0.13.8-M3->org.scala-lang#scala-library;2.10.4 [compile->default(compile)]
== resolving dependencies org.scala-sbt#launcher-interface;0.13.8-M3->org.scala-lang#scala-library;2.11.7 [compile->default(compile)]
== resolving dependencies org.scala-sbt#launcher-interface;0.13.8-M3->org.scala-lang#scala-library;2.11.7 [compile->runtime]
== resolving dependencies org.scala-sbt#launcher-interface;0.13.8-M3->org.scala-lang#scala-library;2.11.7 [compile->compile]
== resolving dependencies org.scala-sbt#launcher-interface;0.13.8-M3->org.scala-lang#scala-library;2.11.7 [compile->master]
== resolving dependencies com.typesafe.sbtrc#client-2-11;0.3.1->org.scala-sbt#interface;0.13.8-M3 [compile->default(compile)]
Read from stdout: Resolving org.scala-sbt#interface;0.13.8-M3 ...
Resolving org.scala-sbt#interface;0.13.8-M3 ...
sbt-chain: Checking cache for: dependency: org.scala-sbt#interface;0.13.8-M3 {compile=[default(compile)]}
sbt-chain: module revision found in cache: org.scala-sbt#interface;0.13.8-M3
	found org.scala-sbt#interface;0.13.8-M3 in sbt-chain
	[0.13.8-M3] org.scala-sbt#interface;0.13.8-M3
== resolving dependencies org.scala-sbt#interface;0.13.8-M3->org.scala-lang#scala-library;2.10.4 [compile->default(compile)]
== resolving dependencies org.scala-sbt#interface;0.13.8-M3->org.scala-lang#scala-library;2.11.7 [compile->default(compile)]
== resolving dependencies org.scala-sbt#interface;0.13.8-M3->org.scala-lang#scala-library;2.11.7 [compile->runtime]
== resolving dependencies org.scala-sbt#interface;0.13.8-M3->org.scala-lang#scala-library;2.11.7 [compile->compile]
== resolving dependencies org.scala-sbt#interface;0.13.8-M3->org.scala-lang#scala-library;2.11.7 [compile->master]
== resolving dependencies com.typesafe.sbtrc#client-2-11;0.3.1->org.scala-sbt#io_2.11;0.13.8-M3 [compile->default(compile)]
Read from stdout: Resolving org.scala-sbt#io_2.11;0.13.8-M3 ...
Resolving org.scala-sbt#io_2.11;0.13.8-M3 ...
sbt-chain: Checking cache for: dependency: org.scala-sbt#io_2.11;0.13.8-M3 {compile=[default(compile)]}
sbt-chain: module revision found in cache: org.scala-sbt#io_2.11;0.13.8-M3
	found org.scala-sbt#io_2.11;0.13.8-M3 in sbt-chain
== resolving dependencies org.scala-sbt#io_2.11;0.13.8-M3->org.scala-lang#scala-library;2.11.1 [compile->default(compile)]
== resolving dependencies org.scala-sbt#io_2.11;0.13.8-M3->org.scala-lang#scala-library;2.11.7 [compile->default(compile)]
== resolving dependencies org.scala-sbt#io_2.11;0.13.8-M3->org.scala-lang#scala-library;2.11.7 [compile->runtime]
== resolving dependencies org.scala-sbt#io_2.11;0.13.8-M3->org.scala-lang#scala-library;2.11.7 [compile->compile]
== resolving dependencies org.scala-sbt#io_2.11;0.13.8-M3->org.scala-lang#scala-library;2.11.7 [compile->master]
== resolving dependencies org.scala-sbt#io_2.11;0.13.8-M3->org.scala-sbt#control_2.11;0.13.8-M3 [compile->default(compile)]
Read from stdout: Resolving org.scala-sbt#control_2.11;0.13.8-M3 ...
Resolving org.scala-sbt#control_2.11;0.13.8-M3 ...
sbt-chain: Checking cache for: dependency: org.scala-sbt#control_2.11;0.13.8-M3 {compile=[default(compile)]}
sbt-chain: module revision found in cache: org.scala-sbt#control_2.11;0.13.8-M3
	found org.scala-sbt#control_2.11;0.13.8-M3 in sbt-chain
== resolving dependencies org.scala-sbt#control_2.11;0.13.8-M3->org.scala-lang#scala-library;2.11.1 [compile->default(compile)]
== resolving dependencies org.scala-sbt#control_2.11;0.13.8-M3->org.scala-lang#scala-library;2.11.7 [compile->default(compile)]
== resolving dependencies org.scala-sbt#control_2.11;0.13.8-M3->org.scala-lang#scala-library;2.11.7 [compile->runtime]
== resolving dependencies org.scala-sbt#control_2.11;0.13.8-M3->org.scala-lang#scala-library;2.11.7 [compile->compile]
== resolving dependencies org.scala-sbt#control_2.11;0.13.8-M3->org.scala-lang#scala-library;2.11.7 [compile->master]
== resolving dependencies com.typesafe.sbtrc#client-2-11;0.3.1->org.scala-sbt#collections_2.11;0.13.8-M3 [compile->default(compile)]
Read from stdout: Resolving org.scala-sbt#collections_2.11;0.13.8-M3 ...
Resolving org.scala-sbt#collections_2.11;0.13.8-M3 ...
sbt-chain: Checking cache for: dependency: org.scala-sbt#collections_2.11;0.13.8-M3 {compile=[default(compile)]}
sbt-chain: module revision found in cache: org.scala-sbt#collections_2.11;0.13.8-M3
	found org.scala-sbt#collections_2.11;0.13.8-M3 in sbt-chain
== resolving dependencies org.scala-sbt#collections_2.11;0.13.8-M3->org.scala-lang#scala-library;2.11.1 [compile->default(compile)]
== resolving dependencies org.scala-sbt#collections_2.11;0.13.8-M3->org.scala-lang#scala-library;2.11.7 [compile->default(compile)]
== resolving dependencies org.scala-sbt#collections_2.11;0.13.8-M3->org.scala-lang#scala-library;2.11.7 [compile->runtime]
== resolving dependencies org.scala-sbt#collections_2.11;0.13.8-M3->org.scala-lang#scala-library;2.11.7 [compile->compile]
== resolving dependencies org.scala-sbt#collections_2.11;0.13.8-M3->org.scala-lang#scala-library;2.11.7 [compile->master]
== resolving dependencies com.typesafe.play#fork-run-protocol_2.11;2.5.3->com.typesafe.sbtrc#client-2-11;0.3.1 [compile->compile(*)]
== resolving dependencies com.typesafe.play#fork-run_2.11;2.5.3->com.typesafe.play#fork-run-protocol_2.11;2.5.3 [compile->runtime(*)]
== resolving dependencies com.typesafe.play#fork-run_2.11;2.5.3->com.typesafe.play#fork-run-protocol_2.11;2.5.3 [compile->compile]
== resolving dependencies com.typesafe.play#fork-run-protocol_2.11;2.5.3->org.scala-lang#scala-library;2.11.7 [runtime->runtime(*)]
== resolving dependencies com.typesafe.play#fork-run-protocol_2.11;2.5.3->org.scala-lang#scala-library;2.11.7 [runtime->compile]
== resolving dependencies com.typesafe.play#fork-run-protocol_2.11;2.5.3->com.typesafe.play#run-support_2.11;2.5.3 [runtime->runtime(*)]
== resolving dependencies com.typesafe.play#fork-run-protocol_2.11;2.5.3->com.typesafe.play#run-support_2.11;2.5.3 [runtime->compile]
== resolving dependencies com.typesafe.play#run-support_2.11;2.5.3->org.scala-lang#scala-library;2.11.7 [runtime->runtime(*)]
== resolving dependencies com.typesafe.play#run-support_2.11;2.5.3->org.scala-lang#scala-library;2.11.7 [runtime->compile]
== resolving dependencies com.typesafe.play#run-support_2.11;2.5.3->com.typesafe.play#build-link;2.5.3 [runtime->runtime(*)]
== resolving dependencies com.typesafe.play#run-support_2.11;2.5.3->com.typesafe.play#build-link;2.5.3 [runtime->compile]
== resolving dependencies com.typesafe.play#build-link;2.5.3->com.typesafe.play#play-exceptions;2.5.3 [runtime->runtime(*)]
== resolving dependencies com.typesafe.play#build-link;2.5.3->com.typesafe.play#play-exceptions;2.5.3 [runtime->compile]
== resolving dependencies com.typesafe.play#fork-run-protocol_2.11;2.5.3->com.typesafe.sbtrc#client-2-11;0.3.1 [runtime->runtime(*)]
== resolving dependencies com.typesafe.play#fork-run-protocol_2.11;2.5.3->com.typesafe.sbtrc#client-2-11;0.3.1 [runtime->compile]
== resolving dependencies com.typesafe.play#fork-run_2.11;2.5.3->com.typesafe.sbtrc#actor-client-2-11;0.3.1 [compile->master(compile)]
Read from stdout: Resolving com.typesafe.sbtrc#actor-client-2-11;0.3.1 ...
Resolving com.typesafe.sbtrc#actor-client-2-11;0.3.1 ...
sbt-chain: Checking cache for: dependency: com.typesafe.sbtrc#actor-client-2-11;0.3.1 {compile=[compile(*), master(compile)], runtime=[runtime(*)]}
sbt-chain: module revision found in cache: com.typesafe.sbtrc#actor-client-2-11;0.3.1
	found com.typesafe.sbtrc#actor-client-2-11;0.3.1 in sbt-chain
== resolving dependencies com.typesafe.sbtrc#actor-client-2-11;0.3.1->org.scala-lang#scala-library;2.11.5 [compile->default(compile)]
== resolving dependencies com.typesafe.sbtrc#actor-client-2-11;0.3.1->org.scala-lang#scala-library;2.11.7 [compile->default(compile)]
== resolving dependencies com.typesafe.sbtrc#actor-client-2-11;0.3.1->org.scala-lang#scala-library;2.11.7 [compile->runtime]
== resolving dependencies com.typesafe.sbtrc#actor-client-2-11;0.3.1->org.scala-lang#scala-library;2.11.7 [compile->compile]
== resolving dependencies com.typesafe.sbtrc#actor-client-2-11;0.3.1->org.scala-lang#scala-library;2.11.7 [compile->master]
== resolving dependencies com.typesafe.sbtrc#actor-client-2-11;0.3.1->com.typesafe.sbtrc#client-2-11;0.3.1 [compile->default(compile)]
== resolving dependencies com.typesafe.sbtrc#actor-client-2-11;0.3.1->com.typesafe.akka#akka-actor_2.11;2.3.8 [compile->default(compile)]
Read from stdout: Resolving com.typesafe.akka#akka-actor_2.11;2.3.8 ...
Resolving com.typesafe.akka#akka-actor_2.11;2.3.8 ...
sbt-chain: Checking cache for: dependency: com.typesafe.akka#akka-actor_2.11;2.3.8 {compile=[default(compile)]}
sbt-chain: module revision found in cache: com.typesafe.akka#akka-actor_2.11;2.3.8
	found com.typesafe.akka#akka-actor_2.11;2.3.8 in sbt-chain
== resolving dependencies com.typesafe.sbtrc#actor-client-2-11;0.3.1->com.typesafe.akka#akka-actor_2.11;2.3.8 [compile->runtime]
== resolving dependencies com.typesafe.sbtrc#actor-client-2-11;0.3.1->com.typesafe.akka#akka-actor_2.11;2.3.8 [compile->compile]
== resolving dependencies com.typesafe.akka#akka-actor_2.11;2.3.8->org.scala-lang#scala-library;2.11.4 [compile->master(compile)]
== resolving dependencies com.typesafe.akka#akka-actor_2.11;2.3.8->org.scala-lang#scala-library;2.11.4 [compile->compile(*)]
== resolving dependencies com.typesafe.akka#akka-actor_2.11;2.3.8->org.scala-lang#scala-library;2.11.7 [compile->compile(*)]
== resolving dependencies com.typesafe.akka#akka-actor_2.11;2.3.8->com.typesafe#config;1.2.1 [compile->master(compile)]
Read from stdout: Resolving com.typesafe#config;1.2.1 ...
Resolving com.typesafe#config;1.2.1 ...
sbt-chain: Checking cache for: dependency: com.typesafe#config;1.2.1 {compile=[compile(*), master(compile)], runtime=[runtime(*)]}
sbt-chain: module revision found in cache: com.typesafe#config;1.2.1
	found com.typesafe#config;1.2.1 in sbt-chain
== resolving dependencies com.typesafe.akka#akka-actor_2.11;2.3.8->com.typesafe#config;1.2.1 [compile->compile(*)]
== resolving dependencies com.typesafe.akka#akka-actor_2.11;2.3.8->com.typesafe#config;1.2.1 [compile->runtime(*)]
== resolving dependencies com.typesafe.akka#akka-actor_2.11;2.3.8->com.typesafe#config;1.2.1 [compile->compile]
== resolving dependencies com.typesafe.akka#akka-actor_2.11;2.3.8->org.scala-lang#scala-library;2.11.4 [runtime->runtime(*)]
== resolving dependencies com.typesafe.akka#akka-actor_2.11;2.3.8->org.scala-lang#scala-library;2.11.7 [runtime->runtime(*)]
== resolving dependencies com.typesafe.akka#akka-actor_2.11;2.3.8->org.scala-lang#scala-library;2.11.7 [runtime->compile]
== resolving dependencies com.typesafe.akka#akka-actor_2.11;2.3.8->com.typesafe#config;1.2.1 [runtime->runtime(*)]
== resolving dependencies com.typesafe.akka#akka-actor_2.11;2.3.8->com.typesafe#config;1.2.1 [runtime->compile]
== resolving dependencies com.typesafe.sbtrc#actor-client-2-11;0.3.1->com.typesafe.akka#akka-actor_2.11;2.3.8 [compile->master]
== resolving dependencies com.typesafe.sbtrc#actor-client-2-11;0.3.1->com.typesafe.akka#akka-testkit_2.11;2.3.8 [compile->default(compile)]
Read from stdout: Resolving com.typesafe.akka#akka-testkit_2.11;2.3.8 ...
Resolving com.typesafe.akka#akka-testkit_2.11;2.3.8 ...
sbt-chain: Checking cache for: dependency: com.typesafe.akka#akka-testkit_2.11;2.3.8 {compile=[default(compile)]}
sbt-chain: module revision found in cache: com.typesafe.akka#akka-testkit_2.11;2.3.8
	found com.typesafe.akka#akka-testkit_2.11;2.3.8 in sbt-chain
== resolving dependencies com.typesafe.sbtrc#actor-client-2-11;0.3.1->com.typesafe.akka#akka-testkit_2.11;2.3.8 [compile->runtime]
== resolving dependencies com.typesafe.sbtrc#actor-client-2-11;0.3.1->com.typesafe.akka#akka-testkit_2.11;2.3.8 [compile->compile]
== resolving dependencies com.typesafe.akka#akka-testkit_2.11;2.3.8->org.scala-lang#scala-library;2.11.4 [compile->master(compile)]
== resolving dependencies com.typesafe.akka#akka-testkit_2.11;2.3.8->org.scala-lang#scala-library;2.11.7 [compile->master(compile)]
== resolving dependencies com.typesafe.akka#akka-testkit_2.11;2.3.8->org.scala-lang#scala-library;2.11.4 [compile->compile(*)]
== resolving dependencies com.typesafe.akka#akka-testkit_2.11;2.3.8->org.scala-lang#scala-library;2.11.7 [compile->compile(*)]
== resolving dependencies com.typesafe.akka#akka-testkit_2.11;2.3.8->com.typesafe.akka#akka-actor_2.11;2.3.8 [compile->master(compile)]
== resolving dependencies com.typesafe.akka#akka-testkit_2.11;2.3.8->com.typesafe.akka#akka-actor_2.11;2.3.8 [compile->compile(*)]
== resolving dependencies com.typesafe.akka#akka-testkit_2.11;2.3.8->com.typesafe.akka#akka-actor_2.11;2.3.8 [compile->runtime(*)]
== resolving dependencies com.typesafe.akka#akka-testkit_2.11;2.3.8->com.typesafe.akka#akka-actor_2.11;2.3.8 [compile->compile]
== resolving dependencies com.typesafe.akka#akka-testkit_2.11;2.3.8->org.scala-lang#scala-library;2.11.4 [runtime->runtime(*)]
== resolving dependencies com.typesafe.akka#akka-testkit_2.11;2.3.8->org.scala-lang#scala-library;2.11.7 [runtime->runtime(*)]
== resolving dependencies com.typesafe.akka#akka-testkit_2.11;2.3.8->org.scala-lang#scala-library;2.11.7 [runtime->compile]
== resolving dependencies com.typesafe.akka#akka-testkit_2.11;2.3.8->com.typesafe.akka#akka-actor_2.11;2.3.8 [runtime->runtime(*)]
== resolving dependencies com.typesafe.akka#akka-testkit_2.11;2.3.8->com.typesafe.akka#akka-actor_2.11;2.3.8 [runtime->compile]
== resolving dependencies com.typesafe.sbtrc#actor-client-2-11;0.3.1->com.typesafe.akka#akka-testkit_2.11;2.3.8 [compile->master]
== resolving dependencies com.typesafe.play#fork-run_2.11;2.5.3->com.typesafe.sbtrc#actor-client-2-11;0.3.1 [compile->compile(*)]
== resolving dependencies com.typesafe.play#fork-run_2.11;2.5.3->com.typesafe.sbtrc#actor-client-2-11;0.3.1 [compile->runtime(*)]
== resolving dependencies com.typesafe.play#fork-run_2.11;2.5.3->com.typesafe.sbtrc#actor-client-2-11;0.3.1 [compile->compile]
== resolving dependencies com.typesafe.play#fork-run_2.11;2.5.3->net.contentobjects.jnotify#jnotify;0.94-play-1 [compile->master(compile)]
Read from stdout: Resolving net.contentobjects.jnotify#jnotify;0.94-play-1 ...
Resolving net.contentobjects.jnotify#jnotify;0.94-play-1 ...
sbt-chain: Checking cache for: dependency: net.contentobjects.jnotify#jnotify;0.94-play-1 {compile=[compile(*), master(compile)], runtime=[runtime(*)]}
sbt-chain: module revision found in cache: net.contentobjects.jnotify#jnotify;0.94-play-1
	found net.contentobjects.jnotify#jnotify;0.94-play-1 in sbt-chain
== resolving dependencies com.typesafe.play#fork-run_2.11;2.5.3->net.contentobjects.jnotify#jnotify;0.94-play-1 [compile->compile(*)]
== resolving dependencies com.typesafe.play#fork-run_2.11;2.5.3->net.contentobjects.jnotify#jnotify;0.94-play-1 [compile->runtime(*)]
== resolving dependencies com.typesafe.play#fork-run_2.11;2.5.3->net.contentobjects.jnotify#jnotify;0.94-play-1 [compile->compile]
== resolving dependencies com.typesafe.play#fork-run_2.11;2.5.3->org.scala-lang#scala-library;2.11.7 [runtime->runtime(*)]
== resolving dependencies com.typesafe.play#fork-run_2.11;2.5.3->org.scala-lang#scala-library;2.11.7 [runtime->compile]
== resolving dependencies com.typesafe.play#fork-run_2.11;2.5.3->com.typesafe.play#fork-run-protocol_2.11;2.5.3 [runtime->runtime(*)]
== resolving dependencies com.typesafe.play#fork-run_2.11;2.5.3->com.typesafe.play#fork-run-protocol_2.11;2.5.3 [runtime->compile]
== resolving dependencies com.typesafe.play#fork-run_2.11;2.5.3->com.typesafe.sbtrc#actor-client-2-11;0.3.1 [runtime->runtime(*)]
== resolving dependencies com.typesafe.play#fork-run_2.11;2.5.3->com.typesafe.sbtrc#actor-client-2-11;0.3.1 [runtime->compile]
== resolving dependencies com.typesafe.play#fork-run_2.11;2.5.3->net.contentobjects.jnotify#jnotify;0.94-play-1 [runtime->runtime(*)]
== resolving dependencies com.typesafe.play#fork-run_2.11;2.5.3->net.contentobjects.jnotify#jnotify;0.94-play-1 [runtime->compile]
== resolving dependencies play-java#play-java_2.11;1.0-SNAPSHOT->com.typesafe.play#fork-run_2.11;2.5.3 [fork-run->master]
all callers are evicted for commons-logging#commons-logging;1.1.1: evicting too
all callers are evicted for commons-logging#commons-logging;1.1.1: evicting too
all callers are evicted for io.netty#netty-codec;4.0.34.Final: evicting too
all callers are evicted for io.netty#netty-codec;4.0.34.Final: evicting too
all callers are evicted for io.netty#netty-codec;4.0.34.Final: evicting too
all callers are evicted for io.netty#netty-codec;4.0.34.Final: evicting too
all callers are evicted for io.netty#netty-codec;4.0.34.Final: evicting too
all callers are evicted for io.netty#netty-codec;4.0.34.Final: evicting too
	resolved ivy file produced in cache
:: downloading artifacts ::
	[NOT REQUIRED] org.scala-lang#scala-library;2.11.7!scala-library.jar
	[NOT REQUIRED] com.typesafe.play#twirl-api_2.11;1.1.1!twirl-api_2.11.jar
	[NOT REQUIRED] com.typesafe.play#play-enhancer;1.1.0!play-enhancer.jar
	[NOT REQUIRED] com.typesafe.play#play-server_2.11;2.5.3!play-server_2.11.jar
	[NOT REQUIRED] com.typesafe.play#play-java_2.11;2.5.3!play-java_2.11.jar
	[NOT REQUIRED] com.typesafe.play#play-netty-server_2.11;2.5.3!play-netty-server_2.11.jar
	[NOT REQUIRED] com.typesafe.play#play-logback_2.11;2.5.3!play-logback_2.11.jar
	[NOT REQUIRED] com.typesafe.play#play-java-jdbc_2.11;2.5.3!play-java-jdbc_2.11.jar
	[NOT REQUIRED] com.typesafe.play#play-cache_2.11;2.5.3!play-cache_2.11.jar
	[NOT REQUIRED] com.typesafe.play#play-java-ws_2.11;2.5.3!play-java-ws_2.11.jar
	[NOT REQUIRED] com.typesafe.play#play-java-jpa_2.11;2.5.3!play-java-jpa_2.11.jar
	[NOT REQUIRED] org.hibernate#hibernate-entitymanager;5.1.0.Final!hibernate-entitymanager.jar
	[NOT REQUIRED] org.postgresql#postgresql;9.4-1206-jdbc42!postgresql.jar
	[NOT REQUIRED] org.mockito#mockito-core;1.9.5!mockito-core.jar
	[NOT REQUIRED] org.apache.commons#commons-lang3;3.4!commons-lang3.jar
	[NOT REQUIRED] org.scala-lang.modules#scala-xml_2.11;1.0.1!scala-xml_2.11.jar(bundle)
	[NOT REQUIRED] com.typesafe.play#play_2.11;2.5.3!play_2.11.jar
	[NOT REQUIRED] com.typesafe.play#play-iteratees_2.11;2.5.3!play-iteratees_2.11.jar
	[NOT REQUIRED] com.typesafe.play#build-link;2.5.3!build-link.jar
	[NOT REQUIRED] com.typesafe.play#play-json_2.11;2.5.3!play-json_2.11.jar
	[NOT REQUIRED] com.typesafe.play#play-netty-utils;2.5.3!play-netty-utils.jar
	[NOT REQUIRED] com.typesafe.play#play-streams_2.11;2.5.3!play-streams_2.11.jar
	[NOT REQUIRED] org.slf4j#slf4j-api;1.7.16!slf4j-api.jar
	[NOT REQUIRED] org.slf4j#jul-to-slf4j;1.7.16!jul-to-slf4j.jar
	[NOT REQUIRED] org.slf4j#jcl-over-slf4j;1.7.16!jcl-over-slf4j.jar
	[NOT REQUIRED] com.typesafe.akka#akka-actor_2.11;2.4.4!akka-actor_2.11.jar
	[NOT REQUIRED] com.typesafe.akka#akka-slf4j_2.11;2.4.4!akka-slf4j_2.11.jar
	[NOT REQUIRED] com.fasterxml.jackson.core#jackson-core;2.7.1!jackson-core.jar(bundle)
	[NOT REQUIRED] com.fasterxml.jackson.core#jackson-annotations;2.7.1!jackson-annotations.jar(bundle)
	[NOT REQUIRED] com.fasterxml.jackson.core#jackson-databind;2.7.1!jackson-databind.jar(bundle)
	[NOT REQUIRED] com.fasterxml.jackson.datatype#jackson-datatype-jdk8;2.7.1!jackson-datatype-jdk8.jar(bundle)
	[NOT REQUIRED] com.fasterxml.jackson.datatype#jackson-datatype-jsr310;2.7.1!jackson-datatype-jsr310.jar(bundle)
	[NOT REQUIRED] org.scala-stm#scala-stm_2.11;0.7!scala-stm_2.11.jar
	[NOT REQUIRED] commons-codec#commons-codec;1.10!commons-codec.jar
	[NOT REQUIRED] joda-time#joda-time;2.9.2!joda-time.jar
	[NOT REQUIRED] org.joda#joda-convert;1.8.1!joda-convert.jar
	[NOT REQUIRED] xerces#xercesImpl;2.11.0!xercesImpl.jar
	[NOT REQUIRED] javax.transaction#jta;1.1!jta.jar
	[NOT REQUIRED] com.google.inject#guice;4.0!guice.jar
	[NOT REQUIRED] com.google.inject.extensions#guice-assistedinject;4.0!guice-assistedinject.jar
	[NOT REQUIRED] org.scala-lang#scala-reflect;2.11.7!scala-reflect.jar
	[NOT REQUIRED] org.scala-lang.modules#scala-java8-compat_2.11;0.7.0!scala-java8-compat_2.11.jar(bundle)
	[NOT REQUIRED] org.scala-lang.modules#scala-parser-combinators_2.11;1.0.4!scala-parser-combinators_2.11.jar(bundle)
	[NOT REQUIRED] com.typesafe.play#play-exceptions;2.5.3!play-exceptions.jar
	[NOT REQUIRED] com.typesafe#config;1.3.0!config.jar(bundle)
	[NOT REQUIRED] com.typesafe.play#play-functional_2.11;2.5.3!play-functional_2.11.jar
	[NOT REQUIRED] com.typesafe.play#play-datacommons_2.11;2.5.3!play-datacommons_2.11.jar
	[NOT REQUIRED] org.reactivestreams#reactive-streams;1.0.0!reactive-streams.jar
	[NOT REQUIRED] com.typesafe.akka#akka-stream_2.11;2.4.4!akka-stream_2.11.jar
	[NOT REQUIRED] com.typesafe#ssl-config-akka_2.11;0.2.1!ssl-config-akka_2.11.jar(bundle)
	[NOT REQUIRED] com.typesafe#ssl-config-core_2.11;0.2.1!ssl-config-core_2.11.jar(bundle)
	[NOT REQUIRED] xml-apis#xml-apis;1.4.01!xml-apis.jar
	[NOT REQUIRED] javax.inject#javax.inject;1!javax.inject.jar
	[NOT REQUIRED] aopalliance#aopalliance;1.0!aopalliance.jar
	[NOT REQUIRED] com.google.guava#guava;16.0.1!guava.jar(bundle)
	[NOT REQUIRED] org.yaml#snakeyaml;1.16!snakeyaml.jar(bundle)
	[NOT REQUIRED] org.hibernate#hibernate-validator;5.2.4.Final!hibernate-validator.jar
	[NOT REQUIRED] javax.el#javax.el-api;3.0.0!javax.el-api.jar
	[NOT REQUIRED] org.springframework#spring-context;4.2.4.RELEASE!spring-context.jar
	[NOT REQUIRED] org.springframework#spring-core;4.2.4.RELEASE!spring-core.jar
	[NOT REQUIRED] org.springframework#spring-beans;4.2.4.RELEASE!spring-beans.jar
	[NOT REQUIRED] org.reflections#reflections;0.9.10!reflections.jar
	[NOT REQUIRED] net.jodah#typetools;0.4.4!typetools.jar(bundle)
	[NOT REQUIRED] com.google.guava#guava;19.0!guava.jar(bundle)
	[NOT REQUIRED] com.google.code.findbugs#jsr305;3.0.1!jsr305.jar
	[NOT REQUIRED] org.apache.tomcat#tomcat-servlet-api;8.0.32!tomcat-servlet-api.jar
	[NOT REQUIRED] javax.validation#validation-api;1.1.0.Final!validation-api.jar
	[NOT REQUIRED] com.typesafe.netty#netty-reactive-streams-http;1.0.5!netty-reactive-streams-http.jar
	[NOT REQUIRED] io.netty#netty-transport-native-epoll;4.0.36.Final!netty-transport-native-epoll.jar
	[NOT REQUIRED] com.typesafe.netty#netty-reactive-streams;1.0.5!netty-reactive-streams.jar
	[NOT REQUIRED] io.netty#netty-codec-http;4.0.34.Final!netty-codec-http.jar
	[NOT REQUIRED] io.netty#netty-handler;4.0.34.Final!netty-handler.jar
	[NOT REQUIRED] io.netty#netty-codec;4.0.34.Final!netty-codec.jar
	[NOT REQUIRED] io.netty#netty-common;4.0.36.Final!netty-common.jar
	[NOT REQUIRED] io.netty#netty-buffer;4.0.36.Final!netty-buffer.jar
	[NOT REQUIRED] io.netty#netty-transport;4.0.36.Final!netty-transport.jar
	[NOT REQUIRED] ch.qos.logback#logback-core;1.1.4!logback-core.jar
	[NOT REQUIRED] ch.qos.logback#logback-classic;1.1.4!logback-classic.jar
	[NOT REQUIRED] com.typesafe.play#play-jdbc_2.11;2.5.3!play-jdbc_2.11.jar
	[NOT REQUIRED] com.typesafe.play#play-jdbc-api_2.11;2.5.3!play-jdbc-api_2.11.jar
	[NOT REQUIRED] com.jolbox#bonecp;0.8.0.RELEASE!bonecp.jar(bundle)
	[NOT REQUIRED] com.zaxxer#HikariCP;2.4.3!HikariCP.jar(bundle)
	[NOT REQUIRED] com.googlecode.usc#jdbcdslog;1.0.6.2!jdbcdslog.jar
	[NOT REQUIRED] com.h2database#h2;1.4.191!h2.jar
	[NOT REQUIRED] tyrex#tyrex;1.0.1!tyrex.jar
	[NOT REQUIRED] net.sf.ehcache#ehcache-core;2.6.11!ehcache-core.jar
	[NOT REQUIRED] com.typesafe.play#play-ws_2.11;2.5.3!play-ws_2.11.jar
	[NOT REQUIRED] org.asynchttpclient#async-http-client;2.0.2!async-http-client.jar
	[NOT REQUIRED] oauth.signpost#signpost-core;1.2.1.2!signpost-core.jar(test-jar)
	[NOT REQUIRED] oauth.signpost#signpost-core;1.2.1.2!signpost-core.jar
	[NOT REQUIRED] oauth.signpost#signpost-commonshttp4;1.2.1.2!signpost-commonshttp4.jar
	[NOT REQUIRED] io.netty#netty-codec-http;4.0.36.Final!netty-codec-http.jar
	[NOT REQUIRED] org.asynchttpclient#netty-resolver-dns;2.0.2!netty-resolver-dns.jar
	[NOT REQUIRED] org.javassist#javassist;3.20.0-GA!javassist.jar(bundle)
	[NOT REQUIRED] org.slf4j#slf4j-api;1.7.21!slf4j-api.jar
	[NOT REQUIRED] io.netty#netty-codec;4.0.36.Final!netty-codec.jar
	[NOT REQUIRED] io.netty#netty-handler;4.0.36.Final!netty-handler.jar
	[NOT REQUIRED] org.asynchttpclient#netty-resolver;2.0.2!netty-resolver.jar
	[NOT REQUIRED] org.asynchttpclient#netty-codec-dns;2.0.2!netty-codec-dns.jar
	[NOT REQUIRED] org.apache.httpcomponents#httpcore;4.0.1!httpcore.jar
	[NOT REQUIRED] org.apache.httpcomponents#httpclient;4.0.1!httpclient.jar
	[NOT REQUIRED] commons-logging#commons-logging;1.1.1!commons-logging.jar
	[NOT REQUIRED] org.hibernate.javax.persistence#hibernate-jpa-2.1-api;1.0.0.Final!hibernate-jpa-2.1-api.jar
	[NOT REQUIRED] org.jboss.logging#jboss-logging;3.3.0.Final!jboss-logging.jar
	[NOT REQUIRED] org.hibernate#hibernate-core;5.1.0.Final!hibernate-core.jar
	[NOT REQUIRED] dom4j#dom4j;1.6.1!dom4j.jar
	[NOT REQUIRED] org.hibernate.common#hibernate-commons-annotations;5.0.1.Final!hibernate-commons-annotations.jar
	[NOT REQUIRED] org.apache.geronimo.specs#geronimo-jta_1.1_spec;1.1.1!geronimo-jta_1.1_spec.jar
	[NOT REQUIRED] antlr#antlr;2.7.7!antlr.jar
	[NOT REQUIRED] org.jboss#jandex;2.0.0.Final!jandex.jar(bundle)
	[NOT REQUIRED] com.fasterxml#classmate;1.3.0!classmate.jar(bundle)
	[NOT REQUIRED] org.hamcrest#hamcrest-core;1.1!hamcrest-core.jar
	[NOT REQUIRED] org.objenesis#objenesis;1.0!objenesis.jar
	[NOT REQUIRED] com.typesafe.play#play-test_2.11;2.5.3!play-test_2.11.jar
	[NOT REQUIRED] junit#junit;4.12!junit.jar
	[NOT REQUIRED] com.novocode#junit-interface;0.11!junit-interface.jar
	[NOT REQUIRED] net.sourceforge.htmlunit#htmlunit;2.20!htmlunit.jar
	[NOT REQUIRED] org.fluentlenium#fluentlenium-core;0.10.9!fluentlenium-core.jar
	[NOT REQUIRED] org.hamcrest#hamcrest-core;1.3!hamcrest-core.jar
	[NOT REQUIRED] org.scala-sbt#test-interface;1.0!test-interface.jar
	[NOT REQUIRED] xalan#xalan;2.7.2!xalan.jar
	[NOT REQUIRED] org.apache.httpcomponents#httpclient;4.5.2!httpclient.jar
	[NOT REQUIRED] org.apache.httpcomponents#httpmime;4.5.2!httpmime.jar
	[NOT REQUIRED] net.sourceforge.htmlunit#htmlunit-core-js;2.17!htmlunit-core-js.jar
	[NOT REQUIRED] net.sourceforge.nekohtml#nekohtml;1.9.22!nekohtml.jar
	[NOT REQUIRED] net.sourceforge.cssparser#cssparser;0.9.18!cssparser.jar
	[NOT REQUIRED] commons-io#commons-io;2.4!commons-io.jar
	[NOT REQUIRED] commons-logging#commons-logging;1.2!commons-logging.jar
	[NOT REQUIRED] org.eclipse.jetty.websocket#websocket-client;9.2.15.v20160210!websocket-client.jar
	[NOT REQUIRED] xalan#serializer;2.7.2!serializer.jar
	[NOT REQUIRED] org.apache.httpcomponents#httpcore;4.4.4!httpcore.jar
	[NOT REQUIRED] org.w3c.css#sac;1.3!sac.jar
	[NOT REQUIRED] org.eclipse.jetty#jetty-util;9.2.15.v20160210!jetty-util.jar
	[NOT REQUIRED] org.eclipse.jetty#jetty-io;9.2.15.v20160210!jetty-io.jar
	[NOT REQUIRED] org.eclipse.jetty.websocket#websocket-common;9.2.15.v20160210!websocket-common.jar
	[NOT REQUIRED] org.eclipse.jetty.websocket#websocket-api;9.2.15.v20160210!websocket-api.jar
	[NOT REQUIRED] org.seleniumhq.selenium#selenium-java;2.48.2!selenium-java.jar
	[NOT REQUIRED] org.seleniumhq.selenium#selenium-chrome-driver;2.48.2!selenium-chrome-driver.jar
	[NOT REQUIRED] org.seleniumhq.selenium#selenium-edge-driver;2.48.2!selenium-edge-driver.jar
	[NOT REQUIRED] org.seleniumhq.selenium#selenium-htmlunit-driver;2.48.2!selenium-htmlunit-driver.jar
	[NOT REQUIRED] org.seleniumhq.selenium#selenium-firefox-driver;2.48.2!selenium-firefox-driver.jar
	[NOT REQUIRED] org.seleniumhq.selenium#selenium-ie-driver;2.48.2!selenium-ie-driver.jar
	[NOT REQUIRED] org.seleniumhq.selenium#selenium-safari-driver;2.48.2!selenium-safari-driver.jar
	[NOT REQUIRED] org.seleniumhq.selenium#selenium-support;2.48.2!selenium-support.jar
	[NOT REQUIRED] org.webbitserver#webbit;0.4.14!webbit.jar
	[NOT REQUIRED] org.seleniumhq.selenium#selenium-leg-rc;2.48.2!selenium-leg-rc.jar
	[NOT REQUIRED] org.seleniumhq.selenium#selenium-remote-driver;2.48.2!selenium-remote-driver.jar
	[NOT REQUIRED] cglib#cglib-nodep;2.1_3!cglib-nodep.jar
	[NOT REQUIRED] com.google.code.gson#gson;2.3.1!gson.jar
	[NOT REQUIRED] org.seleniumhq.selenium#selenium-api;2.48.2!selenium-api.jar
	[NOT REQUIRED] org.apache.commons#commons-exec;1.3!commons-exec.jar
	[NOT REQUIRED] net.java.dev.jna#jna;4.1.0!jna.jar
	[NOT REQUIRED] net.java.dev.jna#jna-platform;4.1.0!jna-platform.jar
	[NOT REQUIRED] io.netty#netty;3.5.2.Final!netty.jar(bundle)
	[NOT REQUIRED] com.typesafe.play#play-omnidoc_2.11;2.5.3!play-omnidoc_2.11.jar
	[NOT REQUIRED] com.typesafe.play#play-docs_2.11;2.5.3!play-docs_2.11.jar
	[NOT REQUIRED] com.typesafe.play#play-doc_2.11;1.2.2!play-doc_2.11.jar
	[NOT REQUIRED] org.pegdown#pegdown;1.4.0!pegdown.jar
	[NOT REQUIRED] org.parboiled#parboiled-java;1.1.5!parboiled-java.jar(bundle)
	[NOT REQUIRED] org.parboiled#parboiled-core;1.1.5!parboiled-core.jar(bundle)
	[NOT REQUIRED] org.ow2.asm#asm;4.1!asm.jar
	[NOT REQUIRED] org.ow2.asm#asm-tree;4.1!asm-tree.jar
	[NOT REQUIRED] org.ow2.asm#asm-analysis;4.1!asm-analysis.jar
	[NOT REQUIRED] org.ow2.asm#asm-util;4.1!asm-util.jar
	[NOT REQUIRED] org.scala-lang#scala-compiler;2.11.7!scala-compiler.jar
	[NOT REQUIRED] org.scala-lang.modules#scala-xml_2.11;1.0.4!scala-xml_2.11.jar(bundle)
	[NOT REQUIRED] jline#jline;2.12.1!jline.jar
	[NOT REQUIRED] com.typesafe.play#fork-run_2.11;2.5.3!fork-run_2.11.jar
	[NOT REQUIRED] com.typesafe.play#fork-run-protocol_2.11;2.5.3!fork-run-protocol_2.11.jar
	[NOT REQUIRED] com.typesafe.sbtrc#actor-client-2-11;0.3.1!actor-client-2-11.jar
	[NOT REQUIRED] net.contentobjects.jnotify#jnotify;0.94-play-1!jnotify.jar
	[NOT REQUIRED] com.typesafe.play#run-support_2.11;2.5.3!run-support_2.11.jar
	[NOT REQUIRED] com.typesafe.sbtrc#client-2-11;0.3.1!client-2-11.jar
	[NOT REQUIRED] org.scala-lang#scala-reflect;2.11.5!scala-reflect.jar
	[NOT REQUIRED] org.scala-sbt#serialization_2.11;0.1.0!serialization_2.11.jar
	[NOT REQUIRED] org.scala-sbt#launcher-interface;0.13.8-M3!launcher-interface.jar
	[NOT REQUIRED] org.scala-sbt#interface;0.13.8-M3!interface.jar
	[NOT REQUIRED] org.scala-sbt#io_2.11;0.13.8-M3!io_2.11.jar
	[NOT REQUIRED] org.scala-sbt#collections_2.11;0.13.8-M3!collections_2.11.jar
	[NOT REQUIRED] org.scala-lang.modules#scala-pickling_2.11;0.10.0!scala-pickling_2.11.jar
	[NOT REQUIRED] org.json4s#json4s-core_2.11;3.2.10!json4s-core_2.11.jar
	[NOT REQUIRED] org.spire-math#jawn-parser_2.11;0.6.0!jawn-parser_2.11.jar
	[NOT REQUIRED] org.spire-math#json4s-support_2.11;0.6.0!json4s-support_2.11.jar
	[NOT REQUIRED] org.scala-lang#scala-compiler;2.11.4!scala-compiler.jar
	[NOT REQUIRED] org.scala-lang.modules#scala-parser-combinators_2.11;1.0.2!scala-parser-combinators_2.11.jar(bundle)
	[NOT REQUIRED] org.scala-lang.modules#scala-xml_2.11;1.0.2!scala-xml_2.11.jar(bundle)
	[NOT REQUIRED] org.json4s#json4s-ast_2.11;3.2.10!json4s-ast_2.11.jar
	[NOT REQUIRED] com.thoughtworks.paranamer#paranamer;2.6!paranamer.jar
	[NOT REQUIRED] org.scala-sbt#control_2.11;0.13.8-M3!control_2.11.jar
	[NOT REQUIRED] com.typesafe.akka#akka-actor_2.11;2.3.8!akka-actor_2.11.jar
	[NOT REQUIRED] com.typesafe.akka#akka-testkit_2.11;2.3.8!akka-testkit_2.11.jar
	[NOT REQUIRED] com.typesafe#config;1.2.1!config.jar(bundle)
:: resolution report :: resolve 4360ms :: artifacts dl 64ms
	report for play-java#play-java_2.11;1.0-SNAPSHOT compile produced in /home/sisqualis/estudo/java/play/todo/target/resolution-cache/reports/play-java-play-java_2.11-compile.xml
	report for play-java#play-java_2.11;1.0-SNAPSHOT runtime produced in /home/sisqualis/estudo/java/play/todo/target/resolution-cache/reports/play-java-play-java_2.11-runtime.xml
	report for play-java#play-java_2.11;1.0-SNAPSHOT test produced in /home/sisqualis/estudo/java/play/todo/target/resolution-cache/reports/play-java-play-java_2.11-test.xml
	report for play-java#play-java_2.11;1.0-SNAPSHOT provided produced in /home/sisqualis/estudo/java/play/todo/target/resolution-cache/reports/play-java-play-java_2.11-provided.xml
	report for play-java#play-java_2.11;1.0-SNAPSHOT optional produced in /home/sisqualis/estudo/java/play/todo/target/resolution-cache/reports/play-java-play-java_2.11-optional.xml
	report for play-java#play-java_2.11;1.0-SNAPSHOT compile-internal produced in /home/sisqualis/estudo/java/play/todo/target/resolution-cache/reports/play-java-play-java_2.11-compile-internal.xml
	report for play-java#play-java_2.11;1.0-SNAPSHOT runtime-internal produced in /home/sisqualis/estudo/java/play/todo/target/resolution-cache/reports/play-java-play-java_2.11-runtime-internal.xml
	report for play-java#play-java_2.11;1.0-SNAPSHOT test-internal produced in /home/sisqualis/estudo/java/play/todo/target/resolution-cache/reports/play-java-play-java_2.11-test-internal.xml
	report for play-java#play-java_2.11;1.0-SNAPSHOT plugin produced in /home/sisqualis/estudo/java/play/todo/target/resolution-cache/reports/play-java-play-java_2.11-plugin.xml
	report for play-java#play-java_2.11;1.0-SNAPSHOT sources produced in /home/sisqualis/estudo/java/play/todo/target/resolution-cache/reports/play-java-play-java_2.11-sources.xml
	report for play-java#play-java_2.11;1.0-SNAPSHOT docs produced in /home/sisqualis/estudo/java/play/todo/target/resolution-cache/reports/play-java-play-java_2.11-docs.xml
	report for play-java#play-java_2.11;1.0-SNAPSHOT pom produced in /home/sisqualis/estudo/java/play/todo/target/resolution-cache/reports/play-java-play-java_2.11-pom.xml
	report for play-java#play-java_2.11;1.0-SNAPSHOT scala-tool produced in /home/sisqualis/estudo/java/play/todo/target/resolution-cache/reports/play-java-play-java_2.11-scala-tool.xml
	report for play-java#play-java_2.11;1.0-SNAPSHOT fork-run produced in /home/sisqualis/estudo/java/play/todo/target/resolution-cache/reports/play-java-play-java_2.11-fork-run.xml
	resolve done (4360ms resolve - 64ms download)
Read from stdout: Done updating.
Done updating.
Total time: 5 s, completed 14/06/2016 16:39:45
> server-post-command-cleanup
> server-handle-next-server-request
> {file:/home/sisqualis/estudo/java/play/todo/}root/*:playForkReload
Evaluating tasks: *:playForkReload
Running task... Cancel: sbt.server.ServerTaskCancellation@7959d921, check cycles: false

Initial source changes: 
	removed:Set()
	added: Set()
	modified: Set()
Removed products: Set(/home/sisqualis/estudo/java/play/todo/target/scala-2.11/classes/router/Routes$$anonfun$routes$1$$anonfun$applyOrElse$10.class, /home/sisqualis/estudo/java/play/todo/target/scala-2.11/classes/router/Routes$$anonfun$routes$1$$anonfun$applyOrElse$9$$anonfun$apply$9.class, /home/sisqualis/estudo/java/play/todo/target/scala-2.11/classes/router/Routes$$anonfun$routes$1$$anonfun$applyOrElse$2.class, /home/sisqualis/estudo/java/play/todo/target/scala-2.11/classes/router/Routes$$anonfun$routes$1.class, /home/sisqualis/estudo/java/play/todo/target/scala-2.11/classes/router/Routes$$anonfun$routes$1$$anonfun$applyOrElse$2$$anonfun$apply$2.class, /home/sisqualis/estudo/java/play/todo/target/scala-2.11/classes/controllers/javascript/ReverseHomeController.class, /home/sisqualis/estudo/java/play/todo/target/scala-2.11/classes/router/Routes$$anonfun$router$Routes$$controllers_TarefasController_modificar3_invoker$1.class, /home/sisqualis/estudo/java/play/todo/target/scala-2.11/classes/router/Routes$$anonfun$routes$1$$anonfun$applyOrElse$10$$anonfun$apply$10.class, /home/sisqualis/estudo/java/play/todo/target/scala-2.11/classes/controllers/routes$javascript.class, /home/sisqualis/estudo/java/play/todo/target/scala-2.11/classes/controllers/ReverseJsonController.class, /home/sisqualis/estudo/java/play/todo/target/scala-2.11/classes/router/Routes$$anonfun$routes$1$$anonfun$applyOrElse$12.class, /home/sisqualis/estudo/java/play/todo/target/scala-2.11/classes/router/RoutesPrefix.class, /home/sisqualis/estudo/java/play/todo/target/scala-2.11/classes/router/Routes$$anonfun$routes$1$$anonfun$applyOrElse$9.class, /home/sisqualis/estudo/java/play/todo/target/scala-2.11/classes/views/html/tarefas_Scope0$tarefas$$anonfun$apply$1.class, /home/sisqualis/estudo/java/play/todo/target/scala-2.11/classes/router/Routes$$anonfun$router$Routes$$controllers_Assets_at10_invoker$1.class, /home/sisqualis/estudo/java/play/todo/target/scala-2.11/classes/router/Routes$$anonfun$routes$1$$anonfun$applyOrElse$3$$anonfun$apply$3.class, /home/sisqualis/estudo/java/play/todo/target/scala-2.11/classes/models/Tarefas.class, /home/sisqualis/estudo/java/play/todo/target/scala-2.11/classes/router/Routes$$anonfun$routes$1$$anonfun$applyOrElse$3.class, /home/sisqualis/estudo/java/play/todo/target/scala-2.11/classes/router/Routes$$anonfun$router$Routes$$controllers_AsyncController_message8_invoker$1.class, /home/sisqualis/estudo/java/play/todo/target/scala-2.11/classes/views/html/tarefas_Scope0$tarefas.class, /home/sisqualis/estudo/java/play/todo/target/scala-2.11/classes/views/html/tarefas_Scope0$tarefas$$anonfun$apply$1$$anonfun$apply$3.class, /home/sisqualis/estudo/java/play/todo/target/scala-2.11/classes/controllers/TarefasController.class, /home/sisqualis/estudo/java/play/todo/target/scala-2.11/classes/router/Routes$$anonfun$router$Routes$$controllers_CountController_count7_invoker$1.class, /home/sisqualis/estudo/java/play/todo/target/scala-2.11/classes/controllers/ReverseCountController.class, /home/sisqualis/estudo/java/play/todo/target/scala-2.11/classes/router/Routes$$anonfun$routes$1$$anonfun$applyOrElse$5$$anonfun$apply$5.class, /home/sisqualis/estudo/java/play/todo/target/scala-2.11/classes/router/Routes$$anonfun$router$Routes$$controllers_TarefasController_remover2_invoker$1.class, /home/sisqualis/estudo/java/play/todo/target/scala-2.11/classes/controllers/javascript/ReverseAsyncController.class, /home/sisqualis/estudo/java/play/todo/target/scala-2.11/classes/controllers/JsonController.class, /home/sisqualis/estudo/java/play/todo/target/scala-2.11/classes/views/html/tarefas.class, /home/sisqualis/estudo/java/play/todo/target/scala-2.11/classes/router/Routes$$anonfun$routes$1$$anonfun$applyOrElse$1$$anonfun$apply$1.class, /home/sisqualis/estudo/java/play/todo/target/scala-2.11/classes/views/html/tarefas_Scope0$tarefas$$anonfun$apply$4.class, /home/sisqualis/estudo/java/play/todo/target/scala-2.11/classes/router/Routes$$anonfun$routes$1$$anonfun$applyOrElse$7.class, /home/sisqualis/estudo/java/play/todo/target/scala-2.11/classes/controllers/javascript/ReverseAssets.class, /home/sisqualis/estudo/java/play/todo/target/scala-2.11/classes/router/Routes$$anonfun$routes$1$$anonfun$applyOrElse$1.class, /home/sisqualis/estudo/java/play/todo/target/scala-2.11/classes/router/Routes$$anonfun$router$Routes$$controllers_TarefasController_adicionar1_invoker$1.class, /home/sisqualis/estudo/java/play/todo/target/scala-2.11/classes/router/Routes$$anonfun$routes$1$$anonfun$applyOrElse$7$$anonfun$apply$7.class, /home/sisqualis/estudo/java/play/todo/target/scala-2.11/classes/router/Routes$$anonfun$router$Routes$$controllers_Assets_versioned9_invoker$1.class, /home/sisqualis/estudo/java/play/todo/target/scala-2.11/classes/controllers/ReverseAssets.class, /home/sisqualis/estudo/java/play/todo/target/scala-2.11/classes/views/html/tarefas_Scope0$tarefas$$anonfun$f$1.class, /home/sisqualis/estudo/java/play/todo/target/scala-2.11/classes/router/Routes$$anonfun$routes$1$$anonfun$applyOrElse$5.class, /home/sisqualis/estudo/java/play/todo/target/scala-2.11/classes/router/RoutesPrefix$.class, /home/sisqualis/estudo/java/play/todo/target/scala-2.11/classes/controllers/javascript/ReverseCountController.class, /home/sisqualis/estudo/java/play/todo/target/scala-2.11/classes/router/Routes$$anonfun$routes$1$$anonfun$applyOrElse$6$$anonfun$apply$6.class, /home/sisqualis/estudo/java/play/todo/target/scala-2.11/classes/router/Routes$$anonfun$routes$1$$anonfun$applyOrElse$11$$anonfun$apply$11.class, /home/sisqualis/estudo/java/play/todo/target/scala-2.11/classes/router/Routes$$anonfun$routes$1$$anonfun$applyOrElse$12$$anonfun$apply$12.class, /home/sisqualis/estudo/java/play/todo/target/scala-2.11/classes/router/Routes$$anonfun$router$Routes$$controllers_JsonController_update5_invoker$1.class, /home/sisqualis/estudo/java/play/todo/target/scala-2.11/classes/router/Routes$$anonfun$routes$1$$anonfun$applyOrElse$11.class, /home/sisqualis/estudo/java/play/todo/target/scala-2.11/classes/router/Routes$$anonfun$routes$1$$anonfun$applyOrElse$6.class, /home/sisqualis/estudo/java/play/todo/target/scala-2.11/classes/views/html/tarefas$.class, /home/sisqualis/estudo/java/play/todo/target/scala-2.11/classes/router/Routes$$anonfun$routes$1$$anonfun$applyOrElse$8.class, /home/sisqualis/estudo/java/play/todo/target/scala-2.11/classes/views/html/tarefas_Scope0$tarefas$$anonfun$apply$1$$anonfun$apply$2.class, /home/sisqualis/estudo/java/play/todo/target/scala-2.11/classes/router/Routes$$anonfun$router$Routes$$controllers_TarefasController_tarefas0_invoker$1.class, /home/sisqualis/estudo/java/play/todo/target/scala-2.11/classes/router/Routes$$anonfun$routes$1$$anonfun$applyOrElse$4$$anonfun$apply$4.class, /home/sisqualis/estudo/java/play/todo/target/scala-2.11/classes/router/Routes$$anonfun$documentation$1.class, /home/sisqualis/estudo/java/play/todo/target/scala-2.11/classes/controllers/ReverseHomeController.class, /home/sisqualis/estudo/java/play/todo/target/scala-2.11/classes/router/Routes$$anonfun$routes$1$$anonfun$applyOrElse$8$$anonfun$apply$8.class, /home/sisqualis/estudo/java/play/todo/target/scala-2.11/classes/views/html/tarefas_Scope0.class, /home/sisqualis/estudo/java/play/todo/target/scala-2.11/classes/controllers/javascript/ReverseJsonController.class, /home/sisqualis/estudo/java/play/todo/target/scala-2.11/classes/router/Routes$$anonfun$router$Routes$$controllers_Assets_at11_invoker$1.class, /home/sisqualis/estudo/java/play/todo/target/scala-2.11/classes/router/Routes$$anonfun$router$Routes$$controllers_JsonController_tarefas4_invoker$1.class, /home/sisqualis/estudo/java/play/todo/target/scala-2.11/classes/router/Routes.class, /home/sisqualis/estudo/java/play/todo/target/scala-2.11/classes/router/RoutesPrefix$$anonfun$1.class, /home/sisqualis/estudo/java/play/todo/target/scala-2.11/classes/controllers/ReverseTarefasController.class, /home/sisqualis/estudo/java/play/todo/target/scala-2.11/classes/router/Routes$$anonfun$routes$1$$anonfun$applyOrElse$4.class, /home/sisqualis/estudo/java/play/todo/target/scala-2.11/classes/controllers/javascript/ReverseTarefasController.class, /home/sisqualis/estudo/java/play/todo/target/scala-2.11/classes/controllers/routes.class, /home/sisqualis/estudo/java/play/todo/target/scala-2.11/classes/views/html/tarefas_Scope0$.class, /home/sisqualis/estudo/java/play/todo/target/scala-2.11/classes/router/Routes$$anonfun$router$Routes$$controllers_HomeController_index6_invoker$1.class, /home/sisqualis/estudo/java/play/todo/target/scala-2.11/classes/controllers/ReverseAsyncController.class)
External API changes: API Changes: Set()
Modified binary dependencies: Set()
Initial directly invalidated sources: Set()

Sources indirectly invalidated by:
	product: Set(/home/sisqualis/estudo/java/play/todo/target/scala-2.11/routes/main/router/Routes.scala, /home/sisqualis/estudo/java/play/todo/target/scala-2.11/routes/main/router/RoutesPrefix.scala, /home/sisqualis/estudo/java/play/todo/app/models/Tarefas.java, /home/sisqualis/estudo/java/play/todo/target/scala-2.11/twirl/main/views/html/tarefas.template.scala, /home/sisqualis/estudo/java/play/todo/target/scala-2.11/routes/main/controllers/ReverseRoutes.scala, /home/sisqualis/estudo/java/play/todo/target/scala-2.11/routes/main/controllers/routes.java, /home/sisqualis/estudo/java/play/todo/app/controllers/JsonController.java, /home/sisqualis/estudo/java/play/todo/target/scala-2.11/routes/main/controllers/javascript/JavaScriptReverseRoutes.scala, /home/sisqualis/estudo/java/play/todo/app/controllers/TarefasController.java)
	binary dep: Set()
	external source: Set()
All initially invalidated sources: Set(/home/sisqualis/estudo/java/play/todo/target/scala-2.11/routes/main/router/Routes.scala, /home/sisqualis/estudo/java/play/todo/target/scala-2.11/routes/main/router/RoutesPrefix.scala, /home/sisqualis/estudo/java/play/todo/app/models/Tarefas.java, /home/sisqualis/estudo/java/play/todo/target/scala-2.11/twirl/main/views/html/tarefas.template.scala, /home/sisqualis/estudo/java/play/todo/target/scala-2.11/routes/main/controllers/ReverseRoutes.scala, /home/sisqualis/estudo/java/play/todo/target/scala-2.11/routes/main/controllers/routes.java, /home/sisqualis/estudo/java/play/todo/app/controllers/JsonController.java, /home/sisqualis/estudo/java/play/todo/target/scala-2.11/routes/main/controllers/javascript/JavaScriptReverseRoutes.scala, /home/sisqualis/estudo/java/play/todo/app/controllers/TarefasController.java)

Read from stdout: Compiling 5 Scala sources and 4 Java sources to /home/sisqualis/estudo/java/play/todo/target/scala-2.11/classes...
Compiling 5 Scala sources and 4 Java sources to /home/sisqualis/estudo/java/play/todo/target/scala-2.11/classes...
Getting compiler-interface from component compiler for Scala 2.11.7
Other repositories:
Default repositories:
Getting compiler-interface from component compiler for Scala 2.11.7
Other repositories:
Default repositories:
Running cached compiler 5650c451, interfacing (CompilerInterface) with Scala compiler version 2.11.7
Calling Scala compiler with arguments  (CompilerInterface):
	-deprecation
	-unchecked
	-encoding
	utf8
	-bootclasspath
	/usr/lib/jvm/oracle-jdk8/jre/lib/resources.jar:/usr/lib/jvm/oracle-jdk8/jre/lib/rt.jar:/usr/lib/jvm/oracle-jdk8/jre/lib/sunrsasign.jar:/usr/lib/jvm/oracle-jdk8/jre/lib/jsse.jar:/usr/lib/jvm/oracle-jdk8/jre/lib/jce.jar:/usr/lib/jvm/oracle-jdk8/jre/lib/charsets.jar:/usr/lib/jvm/oracle-jdk8/jre/lib/jfr.jar:/usr/lib/jvm/oracle-jdk8/jre/classes:/home/sisqualis/programas/activator/activator-1.3.10/repository/org.scala-lang/scala-library/2.11.7/jars/scala-library.jar
	-classpath
	/home/sisqualis/estudo/java/play/todo/target/scala-2.11/classes:/home/sisqualis/programas/activator/activator-1.3.10/repository/com.typesafe.play/twirl-api_2.11/1.1.1/jars/twirl-api_2.11.jar:/home/sisqualis/programas/activator/activator-1.3.10/repository/org.apache.commons/commons-lang3/3.4/jars/commons-lang3.jar:/home/sisqualis/.ivy2/cache/org.scala-lang.modules/scala-xml_2.11/bundles/scala-xml_2.11-1.0.1.jar:/home/sisqualis/programas/activator/activator-1.3.10/repository/com.typesafe.play/play-enhancer/1.1.0/jars/play-enhancer.jar:/home/sisqualis/.ivy2/cache/com.typesafe.play/play-server_2.11/jars/play-server_2.11-2.5.3.jar:/home/sisqualis/.ivy2/cache/com.typesafe.play/play_2.11/jars/play_2.11-2.5.3.jar:/home/sisqualis/.ivy2/cache/com.typesafe.play/build-link/jars/build-link-2.5.3.jar:/home/sisqualis/.ivy2/cache/com.typesafe.play/play-exceptions/jars/play-exceptions-2.5.3.jar:/home/sisqualis/.ivy2/cache/com.typesafe.play/play-iteratees_2.11/jars/play-iteratees_2.11-2.5.3.jar:/home/sisqualis/.ivy2/cache/org.scala-stm/scala-stm_2.11/jars/scala-stm_2.11-0.7.jar:/home/sisqualis/programas/activator/activator-1.3.10/repository/com.typesafe/config/1.3.0/bundles/config.jar:/home/sisqualis/.ivy2/cache/com.typesafe.play/play-json_2.11/jars/play-json_2.11-2.5.3.jar:/home/sisqualis/.ivy2/cache/com.typesafe.play/play-functional_2.11/jars/play-functional_2.11-2.5.3.jar:/home/sisqualis/.ivy2/cache/com.typesafe.play/play-datacommons_2.11/jars/play-datacommons_2.11-2.5.3.jar:/home/sisqualis/programas/activator/activator-1.3.10/repository/joda-time/joda-time/2.9.2/jars/joda-time.jar:/home/sisqualis/programas/activator/activator-1.3.10/repository/org.joda/joda-convert/1.8.1/jars/joda-convert.jar:/home/sisqualis/programas/activator/activator-1.3.10/repository/org.scala-lang/scala-reflect/2.11.7/jars/scala-reflect.jar:/home/sisqualis/programas/activator/activator-1.3.10/repository/com.fasterxml.jackson.core/jackson-core/2.7.1/bundles/jackson-core.jar:/home/sisqualis/programas/activator/activator-1.3.10/repository/com.fasterxml.jackson.core/jackson-annotations/2.7.1/bundles/jackson-annotations.jar:/home/sisqualis/programas/activator/activator-1.3.10/repository/com.fasterxml.jackson.core/jackson-databind/2.7.1/bundles/jackson-databind.jar:/home/sisqualis/programas/activator/activator-1.3.10/repository/com.fasterxml.jackson.datatype/jackson-datatype-jdk8/2.7.1/bundles/jackson-datatype-jdk8.jar:/home/sisqualis/programas/activator/activator-1.3.10/repository/com.fasterxml.jackson.datatype/jackson-datatype-jsr310/2.7.1/bundles/jackson-datatype-jsr310.jar:/home/sisqualis/.ivy2/cache/com.typesafe.play/play-netty-utils/jars/play-netty-utils-2.5.3.jar:/home/sisqualis/programas/activator/activator-1.3.10/repository/org.slf4j/jul-to-slf4j/1.7.16/jars/jul-to-slf4j.jar:/home/sisqualis/programas/activator/activator-1.3.10/repository/org.slf4j/jcl-over-slf4j/1.7.16/jars/jcl-over-slf4j.jar:/home/sisqualis/.ivy2/cache/com.typesafe.play/play-streams_2.11/jars/play-streams_2.11-2.5.3.jar:/home/sisqualis/programas/activator/activator-1.3.10/repository/org.reactivestreams/reactive-streams/1.0.0/jars/reactive-streams.jar:/home/sisqualis/.ivy2/cache/com.typesafe.akka/akka-stream_2.11/jars/akka-stream_2.11-2.4.4.jar:/home/sisqualis/.ivy2/cache/com.typesafe.akka/akka-actor_2.11/jars/akka-actor_2.11-2.4.4.jar:/home/sisqualis/programas/activator/activator-1.3.10/repository/org.scala-lang.modules/scala-java8-compat_2.11/0.7.0/bundles/scala-java8-compat_2.11.jar:/home/sisqualis/.ivy2/cache/com.typesafe/ssl-config-akka_2.11/bundles/ssl-config-akka_2.11-0.2.1.jar:/home/sisqualis/.ivy2/cache/com.typesafe/ssl-config-core_2.11/bundles/ssl-config-core_2.11-0.2.1.jar:/home/sisqualis/.ivy2/cache/org.scala-lang.modules/scala-parser-combinators_2.11/bundles/scala-parser-combinators_2.11-1.0.4.jar:/home/sisqualis/.ivy2/cache/com.typesafe.akka/akka-slf4j_2.11/jars/akka-slf4j_2.11-2.4.4.jar:/home/sisqualis/programas/activator/activator-1.3.10/repository/commons-codec/commons-codec/1.10/jars/commons-codec.jar:/home/sisqualis/.ivy2/cache/xerces/xercesImpl/jars/xercesImpl-2.11.0.jar:/home/sisqualis/.ivy2/cache/xml-apis/xml-apis/jars/xml-apis-1.4.01.jar:/home/sisqualis/.ivy2/cache/javax.transaction/jta/jars/jta-1.1.jar:/home/sisqualis/programas/activator/activator-1.3.10/repository/com.google.inject/guice/4.0/jars/guice.jar:/home/sisqualis/programas/activator/activator-1.3.10/repository/javax.inject/javax.inject/1/jars/javax.inject.jar:/home/sisqualis/programas/activator/activator-1.3.10/repository/aopalliance/aopalliance/1.0/jars/aopalliance.jar:/home/sisqualis/programas/activator/activator-1.3.10/repository/com.google.inject.extensions/guice-assistedinject/4.0/jars/guice-assistedinject.jar:/home/sisqualis/.ivy2/cache/com.typesafe.play/play-java_2.11/jars/play-java_2.11-2.5.3.jar:/home/sisqualis/programas/activator/activator-1.3.10/repository/org.yaml/snakeyaml/1.16/bundles/snakeyaml.jar:/home/sisqualis/programas/activator/activator-1.3.10/repository/org.hibernate/hibernate-validator/5.2.4.Final/jars/hibernate-validator.jar:/home/sisqualis/programas/activator/activator-1.3.10/repository/javax.validation/validation-api/1.1.0.Final/jars/validation-api.jar:/home/sisqualis/programas/activator/activator-1.3.10/repository/javax.el/javax.el-api/3.0.0/jars/javax.el-api.jar:/home/sisqualis/programas/activator/activator-1.3.10/repository/org.springframework/spring-context/4.2.4.RELEASE/jars/spring-context.jar:/home/sisqualis/programas/activator/activator-1.3.10/repository/org.springframework/spring-core/4.2.4.RELEASE/jars/spring-core.jar:/home/sisqualis/programas/activator/activator-1.3.10/repository/org.springframework/spring-beans/4.2.4.RELEASE/jars/spring-beans.jar:/home/sisqualis/programas/activator/activator-1.3.10/repository/org.reflections/reflections/0.9.10/jars/reflections.jar:/home/sisqualis/programas/activator/activator-1.3.10/repository/com.google.guava/guava/19.0/bundles/guava.jar:/home/sisqualis/programas/activator/activator-1.3.10/repository/net.jodah/typetools/0.4.4/bundles/typetools.jar:/home/sisqualis/programas/activator/activator-1.3.10/repository/com.google.code.findbugs/jsr305/3.0.1/jars/jsr305.jar:/home/sisqualis/programas/activator/activator-1.3.10/repository/org.apache.tomcat/tomcat-servlet-api/8.0.32/jars/tomcat-servlet-api.jar:/home/sisqualis/.ivy2/cache/com.typesafe.play/play-netty-server_2.11/jars/play-netty-server_2.11-2.5.3.jar:/home/sisqualis/programas/activator/activator-1.3.10/repository/com.typesafe.netty/netty-reactive-streams-http/1.0.5/jars/netty-reactive-streams-http.jar:/home/sisqualis/programas/activator/activator-1.3.10/repository/com.typesafe.netty/netty-reactive-streams/1.0.5/jars/netty-reactive-streams.jar:/home/sisqualis/programas/activator/activator-1.3.10/repository/io.netty/netty-transport-native-epoll/4.0.36.Final/jars/netty-transport-native-epoll-linux-x86_64.jar:/home/sisqualis/programas/activator/activator-1.3.10/repository/io.netty/netty-common/4.0.36.Final/jars/netty-common.jar:/home/sisqualis/programas/activator/activator-1.3.10/repository/io.netty/netty-buffer/4.0.36.Final/jars/netty-buffer.jar:/home/sisqualis/programas/activator/activator-1.3.10/repository/io.netty/netty-transport/4.0.36.Final/jars/netty-transport.jar:/home/sisqualis/.ivy2/cache/com.typesafe.play/play-logback_2.11/jars/play-logback_2.11-2.5.3.jar:/home/sisqualis/programas/activator/activator-1.3.10/repository/ch.qos.logback/logback-core/1.1.4/jars/logback-core.jar:/home/sisqualis/programas/activator/activator-1.3.10/repository/ch.qos.logback/logback-classic/1.1.4/jars/logback-classic.jar:/home/sisqualis/.ivy2/cache/com.typesafe.play/play-java-jdbc_2.11/jars/play-java-jdbc_2.11-2.5.3.jar:/home/sisqualis/.ivy2/cache/com.typesafe.play/play-jdbc_2.11/jars/play-jdbc_2.11-2.5.3.jar:/home/sisqualis/.ivy2/cache/com.typesafe.play/play-jdbc-api_2.11/jars/play-jdbc-api_2.11-2.5.3.jar:/home/sisqualis/programas/activator/activator-1.3.10/repository/com.jolbox/bonecp/0.8.0.RELEASE/bundles/bonecp.jar:/home/sisqualis/programas/activator/activator-1.3.10/repository/com.zaxxer/HikariCP/2.4.3/bundles/HikariCP.jar:/home/sisqualis/programas/activator/activator-1.3.10/repository/com.googlecode.usc/jdbcdslog/1.0.6.2/jars/jdbcdslog.jar:/home/sisqualis/programas/activator/activator-1.3.10/repository/com.h2database/h2/1.4.191/jars/h2.jar:/home/sisqualis/programas/activator/activator-1.3.10/repository/tyrex/tyrex/1.0.1/jars/tyrex.jar:/home/sisqualis/.ivy2/cache/com.typesafe.play/play-cache_2.11/jars/play-cache_2.11-2.5.3.jar:/home/sisqualis/programas/activator/activator-1.3.10/repository/net.sf.ehcache/ehcache-core/2.6.11/jars/ehcache-core.jar:/home/sisqualis/.ivy2/cache/com.typesafe.play/play-java-ws_2.11/jars/play-java-ws_2.11-2.5.3.jar:/home/sisqualis/.ivy2/cache/com.typesafe.play/play-ws_2.11/jars/play-ws_2.11-2.5.3.jar:/home/sisqualis/.ivy2/cache/org.asynchttpclient/async-http-client/jars/async-http-client-2.0.2.jar:/home/sisqualis/programas/activator/activator-1.3.10/repository/io.netty/netty-codec-http/4.0.36.Final/jars/netty-codec-http.jar:/home/sisqualis/programas/activator/activator-1.3.10/repository/io.netty/netty-codec/4.0.36.Final/jars/netty-codec.jar:/home/sisqualis/programas/activator/activator-1.3.10/repository/io.netty/netty-handler/4.0.36.Final/jars/netty-handler.jar:/home/sisqualis/.ivy2/cache/org.asynchttpclient/netty-resolver-dns/jars/netty-resolver-dns-2.0.2.jar:/home/sisqualis/.ivy2/cache/org.asynchttpclient/netty-resolver/jars/netty-resolver-2.0.2.jar:/home/sisqualis/programas/activator/activator-1.3.10/repository/org.slf4j/slf4j-api/1.7.21/jars/slf4j-api.jar:/home/sisqualis/.ivy2/cache/org.asynchttpclient/netty-codec-dns/jars/netty-codec-dns-2.0.2.jar:/home/sisqualis/programas/activator/activator-1.3.10/repository/org.javassist/javassist/3.20.0-GA/bundles/javassist.jar:/home/sisqualis/.ivy2/cache/oauth.signpost/signpost-core/jars/signpost-core-1.2.1.2.jar:/home/sisqualis/.ivy2/cache/oauth.signpost/signpost-commonshttp4/jars/signpost-commonshttp4-1.2.1.2.jar:/home/sisqualis/programas/activator/activator-1.3.10/repository/org.apache.httpcomponents/httpcore/4.0.1/jars/httpcore.jar:/home/sisqualis/programas/activator/activator-1.3.10/repository/org.apache.httpcomponents/httpclient/4.0.1/jars/httpclient.jar:/home/sisqualis/.ivy2/cache/commons-logging/commons-logging/jars/commons-logging-1.1.1.jar:/home/sisqualis/.ivy2/cache/com.typesafe.play/play-java-jpa_2.11/jars/play-java-jpa_2.11-2.5.3.jar:/home/sisqualis/.ivy2/cache/org.hibernate.javax.persistence/hibernate-jpa-2.1-api/jars/hibernate-jpa-2.1-api-1.0.0.Final.jar:/home/sisqualis/.ivy2/cache/org.hibernate/hibernate-entitymanager/jars/hibernate-entitymanager-5.1.0.Final.jar:/home/sisqualis/.ivy2/cache/org.jboss.logging/jboss-logging/jars/jboss-logging-3.3.0.Final.jar:/home/sisqualis/.ivy2/cache/org.hibernate/hibernate-core/jars/hibernate-core-5.1.0.Final.jar:/home/sisqualis/.ivy2/cache/antlr/antlr/jars/antlr-2.7.7.jar:/home/sisqualis/.ivy2/cache/org.apache.geronimo.specs/geronimo-jta_1.1_spec/jars/geronimo-jta_1.1_spec-1.1.1.jar:/home/sisqualis/.ivy2/cache/org.jboss/jandex/bundles/jandex-2.0.0.Final.jar:/home/sisqualis/.ivy2/cache/com.fasterxml/classmate/bundles/classmate-1.3.0.jar:/home/sisqualis/.ivy2/cache/dom4j/dom4j/jars/dom4j-1.6.1.jar:/home/sisqualis/.ivy2/cache/org.hibernate.common/hibernate-commons-annotations/jars/hibernate-commons-annotations-5.0.1.Final.jar:/home/sisqualis/.ivy2/cache/org.postgresql/postgresql/jars/postgresql-9.4-1206-jdbc42.jar:/home/sisqualis/programas/activator/activator-1.3.10/repository/org.mockito/mockito-core/1.9.5/jars/mockito-core.jar:/home/sisqualis/programas/activator/activator-1.3.10/repository/org.hamcrest/hamcrest-core/1.1/jars/hamcrest-core.jar:/home/sisqualis/programas/activator/activator-1.3.10/repository/org.objenesis/objenesis/1.0/jars/objenesis.jar
Scala compilation took 2.360376774 s
Attempting to call com.sun.tools.javac.api.JavacTool@51b587ed directly...
Read from stdout: /home/sisqualis/estudo/java/play/todo/app/controllers/TarefasController.java:11: sun.rmi.runtime.Log is internal proprietary API and may be removed in a future release
/home/sisqualis/estudo/java/play/todo/app/controllers/TarefasController.java:11: sun.rmi.runtime.Log is internal proprietary API and may be removed in a future release
Read from stdout: sun.rmi.runtime.Log
sun.rmi.runtime.Log
Read from stdout: /home/sisqualis/estudo/java/play/todo/app/controllers/TarefasController.java: /home/sisqualis/estudo/java/play/todo/app/controllers/TarefasController.java uses or overrides a deprecated API.
/home/sisqualis/estudo/java/play/todo/app/controllers/TarefasController.java: /home/sisqualis/estudo/java/play/todo/app/controllers/TarefasController.java uses or overrides a deprecated API.
Read from stdout: /home/sisqualis/estudo/java/play/todo/app/controllers/TarefasController.java: Recompile with -Xlint:deprecation for details.
/home/sisqualis/estudo/java/play/todo/app/controllers/TarefasController.java: Recompile with -Xlint:deprecation for details.
Read from stdout: /home/sisqualis/estudo/java/play/todo/app/models/Tarefas.java: /home/sisqualis/estudo/java/play/todo/app/models/Tarefas.java uses unchecked or unsafe operations.
/home/sisqualis/estudo/java/play/todo/app/models/Tarefas.java: /home/sisqualis/estudo/java/play/todo/app/models/Tarefas.java uses unchecked or unsafe operations.
Read from stdout: /home/sisqualis/estudo/java/play/todo/app/models/Tarefas.java: Recompile with -Xlint:unchecked for details.
/home/sisqualis/estudo/java/play/todo/app/models/Tarefas.java: Recompile with -Xlint:unchecked for details.
Java compilation took 0.082060807 s
Java analysis took 0.059287125 s
Java compile + analysis took 0.143422593 s
New invalidations:
	Set()
Initial set of included nodes: Set()
Previously invalidated, but (transitively) depend on new invalidations:
	Set()
All newly invalidated sources after taking into account (previously) recompiled sources:Set()
Copy resource mappings: 
	(/home/sisqualis/estudo/java/play/todo/conf/META-INF,/home/sisqualis/estudo/java/play/todo/target/scala-2.11/classes/META-INF)
	(/home/sisqualis/estudo/java/play/todo/conf/application.conf,/home/sisqualis/estudo/java/play/todo/target/scala-2.11/classes/application.conf)
	(/home/sisqualis/estudo/java/play/todo/conf/routes,/home/sisqualis/estudo/java/play/todo/target/scala-2.11/classes/routes)
	(/home/sisqualis/estudo/java/play/todo/conf/logback.xml,/home/sisqualis/estudo/java/play/todo/target/scala-2.11/classes/logback.xml)
	(/home/sisqualis/estudo/java/play/todo/conf/META-INF/persistence.xml,/home/sisqualis/estudo/java/play/todo/target/scala-2.11/classes/META-INF/persistence.xml)
Total time: 3 s, completed 14/06/2016 16:40:30
> server-post-command-cleanup
> server-handle-next-server-request
